# JRE version: OpenJDK Runtime Environment (8.0_242-b01) (build 1.8.0_242-release-1644-b01)
# Java VM: OpenJDK 64-Bit Server VM (25.242-b01 mixed mode windows-amd64 compressed oops)
Heap:
 PSYoungGen      total 47616K, used 4355K [0x00000000eab00000, 0x00000000ee200000, 0x0000000100000000)
  eden space 39936K, 4% used [0x00000000eab00000,0x00000000eaca12a8,0x00000000ed200000)
  from space 7680K, 34% used [0x00000000eda80000,0x00000000edd1fc60,0x00000000ee200000)
  to   space 8192K, 0% used [0x00000000ed200000,0x00000000ed200000,0x00000000eda00000)
 ParOldGen       total 34816K, used 16774K [0x00000000c0000000, 0x00000000c2200000, 0x00000000eab00000)
  object space 34816K, 48% used [0x00000000c0000000,0x00000000c1061908,0x00000000c2200000)
 Metaspace       used 34227K, capacity 35082K, committed 35248K, reserved 1079296K
  class space    used 4699K, capacity 4934K, committed 5040K, reserved 1048576K
GC Heap History (10 events):
Event: 3.952 GC heap before
{Heap before GC invocations=10 (full 1):
 PSYoungGen      total 35328K, used 1844K [0x00000000eab00000, 0x00000000ed000000, 0x0000000100000000)
  eden space 32768K, 0% used [0x00000000eab00000,0x00000000eab00000,0x00000000ecb00000)
  from space 2560K, 72% used [0x00000000ecb00000,0x00000000ecccd030,0x00000000ecd80000)
  to   space 2560K, 0% used [0x00000000ecd80000,0x00000000ecd80000,0x00000000ed000000)
 ParOldGen       total 44032K, used 16168K [0x00000000c0000000, 0x00000000c2b00000, 0x00000000eab00000)
  object space 44032K, 36% used [0x00000000c0000000,0x00000000c0fca070,0x00000000c2b00000)
 Metaspace       used 20630K, capacity 21260K, committed 21296K, reserved 1067008K
  class space    used 2895K, capacity 3116K, committed 3120K, reserved 1048576K
Event: 4.023 GC heap after
Heap after GC invocations=10 (full 1):
 PSYoungGen      total 35328K, used 0K [0x00000000eab00000, 0x00000000ed000000, 0x0000000100000000)
  eden space 32768K, 0% used [0x00000000eab00000,0x00000000eab00000,0x00000000ecb00000)
  from space 2560K, 0% used [0x00000000ecb00000,0x00000000ecb00000,0x00000000ecd80000)
  to   space 2560K, 0% used [0x00000000ecd80000,0x00000000ecd80000,0x00000000ed000000)
 ParOldGen       total 34816K, used 10800K [0x00000000c0000000, 0x00000000c2200000, 0x00000000eab00000)
  object space 34816K, 31% used [0x00000000c0000000,0x00000000c0a8c2b0,0x00000000c2200000)
 Metaspace       used 20630K, capacity 21260K, committed 21296K, reserved 1067008K
  class space    used 2895K, capacity 3116K, committed 3120K, reserved 1048576K
}
Event: 4.396 GC heap before
{Heap before GC invocations=11 (full 1):
 PSYoungGen      total 35328K, used 32768K [0x00000000eab00000, 0x00000000ed000000, 0x0000000100000000)
  eden space 32768K, 100% used [0x00000000eab00000,0x00000000ecb00000,0x00000000ecb00000)
  from space 2560K, 0% used [0x00000000ecb00000,0x00000000ecb00000,0x00000000ecd80000)
  to   space 2560K, 0% used [0x00000000ecd80000,0x00000000ecd80000,0x00000000ed000000)
 ParOldGen       total 34816K, used 10800K [0x00000000c0000000, 0x00000000c2200000, 0x00000000eab00000)
  object space 34816K, 31% used [0x00000000c0000000,0x00000000c0a8c2b0,0x00000000c2200000)
 Metaspace       used 22778K, capacity 23498K, committed 23728K, reserved 1069056K
  class space    used 3246K, capacity 3479K, committed 3504K, reserved 1048576K
Event: 4.400 GC heap after
Heap after GC invocations=11 (full 1):
 PSYoungGen      total 29696K, used 2559K [0x00000000eab00000, 0x00000000eeb80000, 0x0000000100000000)
  eden space 27136K, 0% used [0x00000000eab00000,0x00000000eab00000,0x00000000ec580000)
  from space 2560K, 99% used [0x00000000ecd80000,0x00000000ecfffca8,0x00000000ed000000)
  to   space 8192K, 0% used [0x00000000ec580000,0x00000000ec580000,0x00000000ecd80000)
 ParOldGen       total 34816K, used 11132K [0x00000000c0000000, 0x00000000c2200000, 0x00000000eab00000)
  object space 34816K, 31% used [0x00000000c0000000,0x00000000c0adf188,0x00000000c2200000)
 Metaspace       used 22778K, capacity 23498K, committed 23728K, reserved 1069056K
  class space    used 3246K, capacity 3479K, committed 3504K, reserved 1048576K
}
Event: 4.916 GC heap before
{Heap before GC invocations=12 (full 1):
 PSYoungGen      total 29696K, used 29695K [0x00000000eab00000, 0x00000000eeb80000, 0x0000000100000000)
  eden space 27136K, 100% used [0x00000000eab00000,0x00000000ec580000,0x00000000ec580000)
  from space 2560K, 99% used [0x00000000ecd80000,0x00000000ecfffca8,0x00000000ed000000)
  to   space 8192K, 0% used [0x00000000ec580000,0x00000000ec580000,0x00000000ecd80000)
 ParOldGen       total 34816K, used 11132K [0x00000000c0000000, 0x00000000c2200000, 0x00000000eab00000)
  object space 34816K, 31% used [0x00000000c0000000,0x00000000c0adf188,0x00000000c2200000)
 Metaspace       used 28100K, capacity 28788K, committed 28976K, reserved 1075200K
  class space    used 3882K, capacity 4127K, committed 4144K, reserved 1048576K
Event: 4.923 GC heap after
Heap after GC invocations=12 (full 1):
 PSYoungGen      total 35328K, used 4973K [0x00000000eab00000, 0x00000000ee280000, 0x0000000100000000)
  eden space 27136K, 0% used [0x00000000eab00000,0x00000000eab00000,0x00000000ec580000)
  from space 8192K, 60% used [0x00000000ec580000,0x00000000eca5b7b8,0x00000000ecd80000)
  to   space 8192K, 0% used [0x00000000eda80000,0x00000000eda80000,0x00000000ee280000)
 ParOldGen       total 34816K, used 11798K [0x00000000c0000000, 0x00000000c2200000, 0x00000000eab00000)
  object space 34816K, 33% used [0x00000000c0000000,0x00000000c0b858b8,0x00000000c2200000)
 Metaspace       used 28100K, capacity 28788K, committed 28976K, reserved 1075200K
  class space    used 3882K, capacity 4127K, committed 4144K, reserved 1048576K
}
Event: 5.291 GC heap before
{Heap before GC invocations=13 (full 1):
 PSYoungGen      total 35328K, used 32109K [0x00000000eab00000, 0x00000000ee280000, 0x0000000100000000)
  eden space 27136K, 100% used [0x00000000eab00000,0x00000000ec580000,0x00000000ec580000)
  from space 8192K, 60% used [0x00000000ec580000,0x00000000eca5b7b8,0x00000000ecd80000)
  to   space 8192K, 0% used [0x00000000eda80000,0x00000000eda80000,0x00000000ee280000)
 ParOldGen       total 34816K, used 11798K [0x00000000c0000000, 0x00000000c2200000, 0x00000000eab00000)
  object space 34816K, 33% used [0x00000000c0000000,0x00000000c0b858b8,0x00000000c2200000)
 Metaspace       used 30293K, capacity 30996K, committed 31280K, reserved 1077248K
  class space    used 4092K, capacity 4325K, committed 4400K, reserved 1048576K
Event: 5.298 GC heap after
Heap after GC invocations=13 (full 1):
 PSYoungGen      total 47616K, used 2537K [0x00000000eab00000, 0x00000000ee200000, 0x0000000100000000)
  eden space 39936K, 0% used [0x00000000eab00000,0x00000000eab00000,0x00000000ed200000)
  from space 7680K, 33% used [0x00000000eda80000,0x00000000edcfa4e0,0x00000000ee200000)
  to   space 8192K, 0% used [0x00000000ed200000,0x00000000ed200000,0x00000000eda00000)
 ParOldGen       total 34816K, used 14158K [0x00000000c0000000, 0x00000000c2200000, 0x00000000eab00000)
  object space 34816K, 40% used [0x00000000c0000000,0x00000000c0dd38d8,0x00000000c2200000)
 Metaspace       used 30293K, capacity 30996K, committed 31280K, reserved 1077248K
  class space    used 4092K, capacity 4325K, committed 4400K, reserved 1048576K
}
Event: 5.851 GC heap before
{Heap before GC invocations=14 (full 1):
 PSYoungGen      total 47616K, used 42473K [0x00000000eab00000, 0x00000000ee200000, 0x0000000100000000)
  eden space 39936K, 100% used [0x00000000eab00000,0x00000000ed200000,0x00000000ed200000)
  from space 7680K, 33% used [0x00000000eda80000,0x00000000edcfa4e0,0x00000000ee200000)
  to   space 8192K, 0% used [0x00000000ed200000,0x00000000ed200000,0x00000000eda00000)
 ParOldGen       total 34816K, used 14158K [0x00000000c0000000, 0x00000000c2200000, 0x00000000eab00000)
  object space 34816K, 40% used [0x00000000c0000000,0x00000000c0dd38d8,0x00000000c2200000)
 Metaspace       used 32242K, capacity 32984K, committed 33072K, reserved 1077248K
  class space    used 4402K, capacity 4609K, committed 4656K, reserved 1048576K
Event: 5.864 GC heap after
Heap after GC invocations=14 (full 1):
 PSYoungGen      total 48128K, used 3237K [0x00000000eab00000, 0x00000000ee200000, 0x0000000100000000)
  eden space 39936K, 0% used [0x00000000eab00000,0x00000000eab00000,0x00000000ed200000)
  from space 8192K, 39% used [0x00000000ed200000,0x00000000ed529590,0x00000000eda00000)
  to   space 7680K, 0% used [0x00000000eda80000,0x00000000eda80000,0x00000000ee200000)
 ParOldGen       total 34816K, used 15214K [0x00000000c0000000, 0x00000000c2200000, 0x00000000eab00000)
  object space 34816K, 43% used [0x00000000c0000000,0x00000000c0edb8d8,0x00000000c2200000)
 Metaspace       used 32242K, capacity 32984K, committed 33072K, reserved 1077248K
  class space    used 4402K, capacity 4609K, committed 4656K, reserved 1048576K
}

