# JRE version: OpenJDK Runtime Environment (8.0_242-b01) (build 1.8.0_242-release-1644-b01)
# Java VM: OpenJDK 64-Bit Server VM (25.242-b01 mixed mode windows-amd64 compressed oops)
Heap:
 PSYoungGen      total 201728K, used 44723K [0x00000000eab00000, 0x00000000f7e00000, 0x0000000100000000)
  eden space 189440K, 23% used [0x00000000eab00000,0x00000000ed6acef0,0x00000000f6400000)
  from space 12288K, 0% used [0x00000000f7180000,0x00000000f7180000,0x00000000f7d80000)
  to   space 13312K, 0% used [0x00000000f6400000,0x00000000f6400000,0x00000000f7100000)
 ParOldGen       total 46080K, used 15518K [0x00000000c0000000, 0x00000000c2d00000, 0x00000000eab00000)
  object space 46080K, 33% used [0x00000000c0000000,0x00000000c0f27aa8,0x00000000c2d00000)
 Metaspace       used 36078K, capacity 37268K, committed 37544K, reserved 1081344K
  class space    used 4981K, capacity 5271K, committed 5296K, reserved 1048576K
GC Heap History (10 events):
Event: 3.950 GC heap before
{Heap before GC invocations=8 (full 0):
 PSYoungGen      total 71680K, used 9791K [0x00000000eab00000, 0x00000000f3c00000, 0x0000000100000000)
  eden space 64512K, 4% used [0x00000000eab00000,0x00000000ead91ef0,0x00000000eea00000)
  from space 7168K, 99% used [0x00000000eea00000,0x00000000ef0fdd28,0x00000000ef100000)
  to   space 9728K, 0% used [0x00000000f3280000,0x00000000f3280000,0x00000000f3c00000)
 ParOldGen       total 44032K, used 8055K [0x00000000c0000000, 0x00000000c2b00000, 0x00000000eab00000)
  object space 44032K, 18% used [0x00000000c0000000,0x00000000c07ddf90,0x00000000c2b00000)
 Metaspace       used 20643K, capacity 21256K, committed 21296K, reserved 1067008K
  class space    used 2894K, capacity 3116K, committed 3120K, reserved 1048576K
Event: 3.960 GC heap after
Heap after GC invocations=8 (full 0):
 PSYoungGen      total 138752K, used 3876K [0x00000000eab00000, 0x00000000f3c00000, 0x0000000100000000)
  eden space 129024K, 0% used [0x00000000eab00000,0x00000000eab00000,0x00000000f2900000)
  from space 9728K, 39% used [0x00000000f3280000,0x00000000f3649050,0x00000000f3c00000)
  to   space 9728K, 0% used [0x00000000f2900000,0x00000000f2900000,0x00000000f3280000)
 ParOldGen       total 44032K, used 8615K [0x00000000c0000000, 0x00000000c2b00000, 0x00000000eab00000)
  object space 44032K, 19% used [0x00000000c0000000,0x00000000c0869f90,0x00000000c2b00000)
 Metaspace       used 20643K, capacity 21256K, committed 21296K, reserved 1067008K
  class space    used 2894K, capacity 3116K, committed 3120K, reserved 1048576K
}
Event: 3.960 GC heap before
{Heap before GC invocations=9 (full 1):
 PSYoungGen      total 138752K, used 3876K [0x00000000eab00000, 0x00000000f3c00000, 0x0000000100000000)
  eden space 129024K, 0% used [0x00000000eab00000,0x00000000eab00000,0x00000000f2900000)
  from space 9728K, 39% used [0x00000000f3280000,0x00000000f3649050,0x00000000f3c00000)
  to   space 9728K, 0% used [0x00000000f2900000,0x00000000f2900000,0x00000000f3280000)
 ParOldGen       total 44032K, used 8615K [0x00000000c0000000, 0x00000000c2b00000, 0x00000000eab00000)
  object space 44032K, 19% used [0x00000000c0000000,0x00000000c0869f90,0x00000000c2b00000)
 Metaspace       used 20643K, capacity 21256K, committed 21296K, reserved 1067008K
  class space    used 2894K, capacity 3116K, committed 3120K, reserved 1048576K
Event: 4.024 GC heap after
Heap after GC invocations=9 (full 1):
 PSYoungGen      total 138752K, used 0K [0x00000000eab00000, 0x00000000f3c00000, 0x0000000100000000)
  eden space 129024K, 0% used [0x00000000eab00000,0x00000000eab00000,0x00000000f2900000)
  from space 9728K, 0% used [0x00000000f3280000,0x00000000f3280000,0x00000000f3c00000)
  to   space 9728K, 0% used [0x00000000f2900000,0x00000000f2900000,0x00000000f3280000)
 ParOldGen       total 30208K, used 6949K [0x00000000c0000000, 0x00000000c1d80000, 0x00000000eab00000)
  object space 30208K, 23% used [0x00000000c0000000,0x00000000c06c9790,0x00000000c1d80000)
 Metaspace       used 20643K, capacity 21256K, committed 21296K, reserved 1067008K
  class space    used 2894K, capacity 3116K, committed 3120K, reserved 1048576K
}
Event: 5.934 GC heap before
{Heap before GC invocations=10 (full 1):
 PSYoungGen      total 138752K, used 129024K [0x00000000eab00000, 0x00000000f3c00000, 0x0000000100000000)
  eden space 129024K, 100% used [0x00000000eab00000,0x00000000f2900000,0x00000000f2900000)
  from space 9728K, 0% used [0x00000000f3280000,0x00000000f3280000,0x00000000f3c00000)
  to   space 9728K, 0% used [0x00000000f2900000,0x00000000f2900000,0x00000000f3280000)
 ParOldGen       total 30208K, used 6949K [0x00000000c0000000, 0x00000000c1d80000, 0x00000000eab00000)
  object space 30208K, 23% used [0x00000000c0000000,0x00000000c06c9790,0x00000000c1d80000)
 Metaspace       used 32175K, capacity 32920K, committed 33072K, reserved 1077248K
  class space    used 4389K, capacity 4609K, committed 4656K, reserved 1048576K
Event: 5.959 GC heap after
Heap after GC invocations=10 (full 1):
 PSYoungGen      total 138752K, used 9715K [0x00000000eab00000, 0x00000000f7d80000, 0x0000000100000000)
  eden space 129024K, 0% used [0x00000000eab00000,0x00000000eab00000,0x00000000f2900000)
  from space 9728K, 99% used [0x00000000f2900000,0x00000000f327cd30,0x00000000f3280000)
  to   space 12288K, 0% used [0x00000000f7180000,0x00000000f7180000,0x00000000f7d80000)
 ParOldGen       total 30208K, used 10473K [0x00000000c0000000, 0x00000000c1d80000, 0x00000000eab00000)
  object space 30208K, 34% used [0x00000000c0000000,0x00000000c0a3a568,0x00000000c1d80000)
 Metaspace       used 32175K, capacity 32920K, committed 33072K, reserved 1077248K
  class space    used 4389K, capacity 4609K, committed 4656K, reserved 1048576K
}
Event: 6.550 GC heap before
{Heap before GC invocations=11 (full 1):
 PSYoungGen      total 138752K, used 59933K [0x00000000eab00000, 0x00000000f7d80000, 0x0000000100000000)
  eden space 129024K, 38% used [0x00000000eab00000,0x00000000edc0a9b8,0x00000000f2900000)
  from space 9728K, 99% used [0x00000000f2900000,0x00000000f327cd30,0x00000000f3280000)
  to   space 12288K, 0% used [0x00000000f7180000,0x00000000f7180000,0x00000000f7d80000)
 ParOldGen       total 30208K, used 10473K [0x00000000c0000000, 0x00000000c1d80000, 0x00000000eab00000)
  object space 30208K, 34% used [0x00000000c0000000,0x00000000c0a3a568,0x00000000c1d80000)
 Metaspace       used 34592K, capacity 35414K, committed 35496K, reserved 1079296K
  class space    used 4745K, capacity 4972K, committed 5040K, reserved 1048576K
Event: 6.568 GC heap after
Heap after GC invocations=11 (full 1):
 PSYoungGen      total 201728K, used 8987K [0x00000000eab00000, 0x00000000f7e00000, 0x0000000100000000)
  eden space 189440K, 0% used [0x00000000eab00000,0x00000000eab00000,0x00000000f6400000)
  from space 12288K, 73% used [0x00000000f7180000,0x00000000f7a46f58,0x00000000f7d80000)
  to   space 13312K, 0% used [0x00000000f6400000,0x00000000f6400000,0x00000000f7100000)
 ParOldGen       total 30208K, used 10481K [0x00000000c0000000, 0x00000000c1d80000, 0x00000000eab00000)
  object space 30208K, 34% used [0x00000000c0000000,0x00000000c0a3c568,0x00000000c1d80000)
 Metaspace       used 34592K, capacity 35414K, committed 35496K, reserved 1079296K
  class space    used 4745K, capacity 4972K, committed 5040K, reserved 1048576K
}
Event: 6.568 GC heap before
{Heap before GC invocations=12 (full 2):
 PSYoungGen      total 201728K, used 8987K [0x00000000eab00000, 0x00000000f7e00000, 0x0000000100000000)
  eden space 189440K, 0% used [0x00000000eab00000,0x00000000eab00000,0x00000000f6400000)
  from space 12288K, 73% used [0x00000000f7180000,0x00000000f7a46f58,0x00000000f7d80000)
  to   space 13312K, 0% used [0x00000000f6400000,0x00000000f6400000,0x00000000f7100000)
 ParOldGen       total 30208K, used 10481K [0x00000000c0000000, 0x00000000c1d80000, 0x00000000eab00000)
  object space 30208K, 34% used [0x00000000c0000000,0x00000000c0a3c568,0x00000000c1d80000)
 Metaspace       used 34592K, capacity 35414K, committed 35496K, reserved 1079296K
  class space    used 4745K, capacity 4972K, committed 5040K, reserved 1048576K
Event: 6.666 GC heap after
Heap after GC invocations=12 (full 2):
 PSYoungGen      total 201728K, used 0K [0x00000000eab00000, 0x00000000f7e00000, 0x0000000100000000)
  eden space 189440K, 0% used [0x00000000eab00000,0x00000000eab00000,0x00000000f6400000)
  from space 12288K, 0% used [0x00000000f7180000,0x00000000f7180000,0x00000000f7d80000)
  to   space 13312K, 0% used [0x00000000f6400000,0x00000000f6400000,0x00000000f7100000)
 ParOldGen       total 46080K, used 15518K [0x00000000c0000000, 0x00000000c2d00000, 0x00000000eab00000)
  object space 46080K, 33% used [0x00000000c0000000,0x00000000c0f27aa8,0x00000000c2d00000)
 Metaspace       used 34592K, capacity 35414K, committed 35496K, reserved 1079296K
  class space    used 4745K, capacity 4972K, committed 5040K, reserved 1048576K
}

