# JRE version: OpenJDK Runtime Environment (8.0_242-b01) (build 1.8.0_242-release-1644-b01)
# Java VM: OpenJDK 64-Bit Server VM (25.242-b01 mixed mode windows-amd64 compressed oops)
Heap:
 PSYoungGen      total 200704K, used 43904K [0x00000000eab00000, 0x00000000f7d80000, 0x0000000100000000)
  eden space 188928K, 23% used [0x00000000eab00000,0x00000000ed5e02f0,0x00000000f6380000)
  from space 11776K, 0% used [0x00000000f7200000,0x00000000f7200000,0x00000000f7d80000)
  to   space 13312K, 0% used [0x00000000f6380000,0x00000000f6380000,0x00000000f7080000)
 ParOldGen       total 32256K, used 15545K [0x00000000c0000000, 0x00000000c1f80000, 0x00000000eab00000)
  object space 32256K, 48% used [0x00000000c0000000,0x00000000c0f2e788,0x00000000c1f80000)
 Metaspace       used 36197K, capacity 37406K, committed 37672K, reserved 1081344K
  class space    used 4990K, capacity 5302K, committed 5424K, reserved 1048576K
GC Heap History (10 events):
Event: 3.850 GC heap before
{Heap before GC invocations=8 (full 0):
 PSYoungGen      total 71680K, used 10663K [0x00000000eab00000, 0x00000000f3c00000, 0x0000000100000000)
  eden space 64512K, 5% used [0x00000000eab00000,0x00000000eae71918,0x00000000eea00000)
  from space 7168K, 99% used [0x00000000eea00000,0x00000000ef0f8330,0x00000000ef100000)
  to   space 9728K, 0% used [0x00000000f3280000,0x00000000f3280000,0x00000000f3c00000)
 ParOldGen       total 44032K, used 8044K [0x00000000c0000000, 0x00000000c2b00000, 0x00000000eab00000)
  object space 44032K, 18% used [0x00000000c0000000,0x00000000c07db028,0x00000000c2b00000)
 Metaspace       used 20639K, capacity 21256K, committed 21296K, reserved 1067008K
  class space    used 2894K, capacity 3116K, committed 3120K, reserved 1048576K
Event: 3.865 GC heap after
Heap after GC invocations=8 (full 0):
 PSYoungGen      total 138752K, used 3920K [0x00000000eab00000, 0x00000000f3c00000, 0x0000000100000000)
  eden space 129024K, 0% used [0x00000000eab00000,0x00000000eab00000,0x00000000f2900000)
  from space 9728K, 40% used [0x00000000f3280000,0x00000000f3654040,0x00000000f3c00000)
  to   space 9728K, 0% used [0x00000000f2900000,0x00000000f2900000,0x00000000f3280000)
 ParOldGen       total 44032K, used 8732K [0x00000000c0000000, 0x00000000c2b00000, 0x00000000eab00000)
  object space 44032K, 19% used [0x00000000c0000000,0x00000000c0887028,0x00000000c2b00000)
 Metaspace       used 20639K, capacity 21256K, committed 21296K, reserved 1067008K
  class space    used 2894K, capacity 3116K, committed 3120K, reserved 1048576K
}
Event: 3.865 GC heap before
{Heap before GC invocations=9 (full 1):
 PSYoungGen      total 138752K, used 3920K [0x00000000eab00000, 0x00000000f3c00000, 0x0000000100000000)
  eden space 129024K, 0% used [0x00000000eab00000,0x00000000eab00000,0x00000000f2900000)
  from space 9728K, 40% used [0x00000000f3280000,0x00000000f3654040,0x00000000f3c00000)
  to   space 9728K, 0% used [0x00000000f2900000,0x00000000f2900000,0x00000000f3280000)
 ParOldGen       total 44032K, used 8732K [0x00000000c0000000, 0x00000000c2b00000, 0x00000000eab00000)
  object space 44032K, 19% used [0x00000000c0000000,0x00000000c0887028,0x00000000c2b00000)
 Metaspace       used 20639K, capacity 21256K, committed 21296K, reserved 1067008K
  class space    used 2894K, capacity 3116K, committed 3120K, reserved 1048576K
Event: 3.940 GC heap after
Heap after GC invocations=9 (full 1):
 PSYoungGen      total 138752K, used 0K [0x00000000eab00000, 0x00000000f3c00000, 0x0000000100000000)
  eden space 129024K, 0% used [0x00000000eab00000,0x00000000eab00000,0x00000000f2900000)
  from space 9728K, 0% used [0x00000000f3280000,0x00000000f3280000,0x00000000f3c00000)
  to   space 9728K, 0% used [0x00000000f2900000,0x00000000f2900000,0x00000000f3280000)
 ParOldGen       total 32256K, used 8957K [0x00000000c0000000, 0x00000000c1f80000, 0x00000000eab00000)
  object space 32256K, 27% used [0x00000000c0000000,0x00000000c08bf4c8,0x00000000c1f80000)
 Metaspace       used 20639K, capacity 21256K, committed 21296K, reserved 1067008K
  class space    used 2894K, capacity 3116K, committed 3120K, reserved 1048576K
}
Event: 5.827 GC heap before
{Heap before GC invocations=10 (full 1):
 PSYoungGen      total 138752K, used 129024K [0x00000000eab00000, 0x00000000f3c00000, 0x0000000100000000)
  eden space 129024K, 100% used [0x00000000eab00000,0x00000000f2900000,0x00000000f2900000)
  from space 9728K, 0% used [0x00000000f3280000,0x00000000f3280000,0x00000000f3c00000)
  to   space 9728K, 0% used [0x00000000f2900000,0x00000000f2900000,0x00000000f3280000)
 ParOldGen       total 32256K, used 8957K [0x00000000c0000000, 0x00000000c1f80000, 0x00000000eab00000)
  object space 32256K, 27% used [0x00000000c0000000,0x00000000c08bf4c8,0x00000000c1f80000)
 Metaspace       used 32241K, capacity 32980K, committed 33072K, reserved 1077248K
  class space    used 4404K, capacity 4609K, committed 4656K, reserved 1048576K
Event: 5.852 GC heap after
Heap after GC invocations=10 (full 1):
 PSYoungGen      total 138752K, used 9715K [0x00000000eab00000, 0x00000000f7e00000, 0x0000000100000000)
  eden space 129024K, 0% used [0x00000000eab00000,0x00000000eab00000,0x00000000f2900000)
  from space 9728K, 99% used [0x00000000f2900000,0x00000000f327cd30,0x00000000f3280000)
  to   space 12288K, 0% used [0x00000000f7200000,0x00000000f7200000,0x00000000f7e00000)
 ParOldGen       total 32256K, used 12504K [0x00000000c0000000, 0x00000000c1f80000, 0x00000000eab00000)
  object space 32256K, 38% used [0x00000000c0000000,0x00000000c0c362b8,0x00000000c1f80000)
 Metaspace       used 32241K, capacity 32980K, committed 33072K, reserved 1077248K
  class space    used 4404K, capacity 4609K, committed 4656K, reserved 1048576K
}
Event: 6.364 GC heap before
{Heap before GC invocations=11 (full 1):
 PSYoungGen      total 138752K, used 58494K [0x00000000eab00000, 0x00000000f7e00000, 0x0000000100000000)
  eden space 129024K, 37% used [0x00000000eab00000,0x00000000edaa2d88,0x00000000f2900000)
  from space 9728K, 99% used [0x00000000f2900000,0x00000000f327cd30,0x00000000f3280000)
  to   space 12288K, 0% used [0x00000000f7200000,0x00000000f7200000,0x00000000f7e00000)
 ParOldGen       total 32256K, used 12504K [0x00000000c0000000, 0x00000000c1f80000, 0x00000000eab00000)
  object space 32256K, 38% used [0x00000000c0000000,0x00000000c0c362b8,0x00000000c1f80000)
 Metaspace       used 34576K, capacity 35406K, committed 35496K, reserved 1079296K
  class space    used 4744K, capacity 4972K, committed 5040K, reserved 1048576K
Event: 6.378 GC heap after
Heap after GC invocations=11 (full 1):
 PSYoungGen      total 200704K, used 9013K [0x00000000eab00000, 0x00000000f7d80000, 0x0000000100000000)
  eden space 188928K, 0% used [0x00000000eab00000,0x00000000eab00000,0x00000000f6380000)
  from space 11776K, 76% used [0x00000000f7200000,0x00000000f7acd430,0x00000000f7d80000)
  to   space 13312K, 0% used [0x00000000f6380000,0x00000000f6380000,0x00000000f7080000)
 ParOldGen       total 32256K, used 12512K [0x00000000c0000000, 0x00000000c1f80000, 0x00000000eab00000)
  object space 32256K, 38% used [0x00000000c0000000,0x00000000c0c382b8,0x00000000c1f80000)
 Metaspace       used 34576K, capacity 35406K, committed 35496K, reserved 1079296K
  class space    used 4744K, capacity 4972K, committed 5040K, reserved 1048576K
}
Event: 6.378 GC heap before
{Heap before GC invocations=12 (full 2):
 PSYoungGen      total 200704K, used 9013K [0x00000000eab00000, 0x00000000f7d80000, 0x0000000100000000)
  eden space 188928K, 0% used [0x00000000eab00000,0x00000000eab00000,0x00000000f6380000)
  from space 11776K, 76% used [0x00000000f7200000,0x00000000f7acd430,0x00000000f7d80000)
  to   space 13312K, 0% used [0x00000000f6380000,0x00000000f6380000,0x00000000f7080000)
 ParOldGen       total 32256K, used 12512K [0x00000000c0000000, 0x00000000c1f80000, 0x00000000eab00000)
  object space 32256K, 38% used [0x00000000c0000000,0x00000000c0c382b8,0x00000000c1f80000)
 Metaspace       used 34576K, capacity 35406K, committed 35496K, reserved 1079296K
  class space    used 4744K, capacity 4972K, committed 5040K, reserved 1048576K
Event: 6.492 GC heap after
Heap after GC invocations=12 (full 2):
 PSYoungGen      total 200704K, used 0K [0x00000000eab00000, 0x00000000f7d80000, 0x0000000100000000)
  eden space 188928K, 0% used [0x00000000eab00000,0x00000000eab00000,0x00000000f6380000)
  from space 11776K, 0% used [0x00000000f7200000,0x00000000f7200000,0x00000000f7d80000)
  to   space 13312K, 0% used [0x00000000f6380000,0x00000000f6380000,0x00000000f7080000)
 ParOldGen       total 32256K, used 15545K [0x00000000c0000000, 0x00000000c1f80000, 0x00000000eab00000)
  object space 32256K, 48% used [0x00000000c0000000,0x00000000c0f2e788,0x00000000c1f80000)
 Metaspace       used 34576K, capacity 35406K, committed 35496K, reserved 1079296K
  class space    used 4744K, capacity 4972K, committed 5040K, reserved 1048576K
}

