# JRE version: OpenJDK Runtime Environment (8.0_242-b01) (build 1.8.0_242-release-1644-b01)
# Java VM: OpenJDK 64-Bit Server VM (25.242-b01 mixed mode windows-amd64 compressed oops)
Heap:
 PSYoungGen      total 250368K, used 96052K [0x00000000eab00000, 0x00000000fbb00000, 0x0000000100000000)
  eden space 227840K, 32% used [0x00000000eab00000,0x00000000ef2d1328,0x00000000f8980000)
  from space 22528K, 99% used [0x00000000f8980000,0x00000000f9f7c038,0x00000000f9f80000)
  to   space 19456K, 0% used [0x00000000f9f80000,0x00000000f9f80000,0x00000000fb280000)
 ParOldGen       total 99328K, used 48794K [0x00000000c0000000, 0x00000000c6100000, 0x00000000eab00000)
  object space 99328K, 49% used [0x00000000c0000000,0x00000000c2fa69d0,0x00000000c6100000)
 Metaspace       used 67652K, capacity 70952K, committed 71088K, reserved 1110016K
  class space    used 9402K, capacity 10071K, committed 10160K, reserved 1048576K
GC Heap History (10 events):
Event: 6.484 GC heap before
{Heap before GC invocations=10 (full 2):
 PSYoungGen      total 204800K, used 8780K [0x00000000eab00000, 0x00000000f8980000, 0x0000000100000000)
  eden space 191488K, 0% used [0x00000000eab00000,0x00000000eab00000,0x00000000f6600000)
  from space 13312K, 65% used [0x00000000f7380000,0x00000000f7c13008,0x00000000f8080000)
  to   space 13824K, 0% used [0x00000000f6600000,0x00000000f6600000,0x00000000f7380000)
 ParOldGen       total 48128K, used 19609K [0x00000000c0000000, 0x00000000c2f00000, 0x00000000eab00000)
  object space 48128K, 40% used [0x00000000c0000000,0x00000000c1326540,0x00000000c2f00000)
 Metaspace       used 34576K, capacity 35402K, committed 35496K, reserved 1079296K
  class space    used 4745K, capacity 4972K, committed 5040K, reserved 1048576K
Event: 6.610 GC heap after
Heap after GC invocations=10 (full 2):
 PSYoungGen      total 204800K, used 0K [0x00000000eab00000, 0x00000000f8980000, 0x0000000100000000)
  eden space 191488K, 0% used [0x00000000eab00000,0x00000000eab00000,0x00000000f6600000)
  from space 13312K, 0% used [0x00000000f7380000,0x00000000f7380000,0x00000000f8080000)
  to   space 13824K, 0% used [0x00000000f6600000,0x00000000f6600000,0x00000000f7380000)
 ParOldGen       total 63488K, used 15309K [0x00000000c0000000, 0x00000000c3e00000, 0x00000000eab00000)
  object space 63488K, 24% used [0x00000000c0000000,0x00000000c0ef3778,0x00000000c3e00000)
 Metaspace       used 34576K, capacity 35402K, committed 35496K, reserved 1079296K
  class space    used 4745K, capacity 4972K, committed 5040K, reserved 1048576K
}
Event: 10.133 GC heap before
{Heap before GC invocations=11 (full 2):
 PSYoungGen      total 204800K, used 191488K [0x00000000eab00000, 0x00000000f8980000, 0x0000000100000000)
  eden space 191488K, 100% used [0x00000000eab00000,0x00000000f6600000,0x00000000f6600000)
  from space 13312K, 0% used [0x00000000f7380000,0x00000000f7380000,0x00000000f8080000)
  to   space 13824K, 0% used [0x00000000f6600000,0x00000000f6600000,0x00000000f7380000)
 ParOldGen       total 63488K, used 15309K [0x00000000c0000000, 0x00000000c3e00000, 0x00000000eab00000)
  object space 63488K, 24% used [0x00000000c0000000,0x00000000c0ef3778,0x00000000c3e00000)
 Metaspace       used 50883K, capacity 52526K, committed 52784K, reserved 1095680K
  class space    used 6815K, capacity 7200K, committed 7216K, reserved 1048576K
Event: 10.173 GC heap after
Heap after GC invocations=11 (full 2):
 PSYoungGen      total 205312K, used 13808K [0x00000000eab00000, 0x00000000fb280000, 0x0000000100000000)
  eden space 191488K, 0% used [0x00000000eab00000,0x00000000eab00000,0x00000000f6600000)
  from space 13824K, 99% used [0x00000000f6600000,0x00000000f737c2a0,0x00000000f7380000)
  to   space 19456K, 0% used [0x00000000f9f80000,0x00000000f9f80000,0x00000000fb280000)
 ParOldGen       total 63488K, used 24718K [0x00000000c0000000, 0x00000000c3e00000, 0x00000000eab00000)
  object space 63488K, 38% used [0x00000000c0000000,0x00000000c1823a60,0x00000000c3e00000)
 Metaspace       used 50883K, capacity 52526K, committed 52784K, reserved 1095680K
  class space    used 6815K, capacity 7200K, committed 7216K, reserved 1048576K
}
Event: 11.564 GC heap before
{Heap before GC invocations=12 (full 2):
 PSYoungGen      total 205312K, used 89792K [0x00000000eab00000, 0x00000000fb280000, 0x0000000100000000)
  eden space 191488K, 39% used [0x00000000eab00000,0x00000000ef533e80,0x00000000f6600000)
  from space 13824K, 99% used [0x00000000f6600000,0x00000000f737c2a0,0x00000000f7380000)
  to   space 19456K, 0% used [0x00000000f9f80000,0x00000000f9f80000,0x00000000fb280000)
 ParOldGen       total 63488K, used 24718K [0x00000000c0000000, 0x00000000c3e00000, 0x00000000eab00000)
  object space 63488K, 38% used [0x00000000c0000000,0x00000000c1823a60,0x00000000c3e00000)
 Metaspace       used 57046K, capacity 59014K, committed 59160K, reserved 1099776K
  class space    used 7826K, capacity 8278K, committed 8368K, reserved 1048576K
Event: 11.598 GC heap after
Heap after GC invocations=12 (full 2):
 PSYoungGen      total 247296K, used 19453K [0x00000000eab00000, 0x00000000fbb00000, 0x0000000100000000)
  eden space 227840K, 0% used [0x00000000eab00000,0x00000000eab00000,0x00000000f8980000)
  from space 19456K, 99% used [0x00000000f9f80000,0x00000000fb27f6c0,0x00000000fb280000)
  to   space 22528K, 0% used [0x00000000f8980000,0x00000000f8980000,0x00000000f9f80000)
 ParOldGen       total 63488K, used 25179K [0x00000000c0000000, 0x00000000c3e00000, 0x00000000eab00000)
  object space 63488K, 39% used [0x00000000c0000000,0x00000000c1896d58,0x00000000c3e00000)
 Metaspace       used 57046K, capacity 59014K, committed 59160K, reserved 1099776K
  class space    used 7826K, capacity 8278K, committed 8368K, reserved 1048576K
}
Event: 11.598 GC heap before
{Heap before GC invocations=13 (full 3):
 PSYoungGen      total 247296K, used 19453K [0x00000000eab00000, 0x00000000fbb00000, 0x0000000100000000)
  eden space 227840K, 0% used [0x00000000eab00000,0x00000000eab00000,0x00000000f8980000)
  from space 19456K, 99% used [0x00000000f9f80000,0x00000000fb27f6c0,0x00000000fb280000)
  to   space 22528K, 0% used [0x00000000f8980000,0x00000000f8980000,0x00000000f9f80000)
 ParOldGen       total 63488K, used 25179K [0x00000000c0000000, 0x00000000c3e00000, 0x00000000eab00000)
  object space 63488K, 39% used [0x00000000c0000000,0x00000000c1896d58,0x00000000c3e00000)
 Metaspace       used 57046K, capacity 59014K, committed 59160K, reserved 1099776K
  class space    used 7826K, capacity 8278K, committed 8368K, reserved 1048576K
Event: 11.961 GC heap after
Heap after GC invocations=13 (full 3):
 PSYoungGen      total 247296K, used 0K [0x00000000eab00000, 0x00000000fbb00000, 0x0000000100000000)
  eden space 227840K, 0% used [0x00000000eab00000,0x00000000eab00000,0x00000000f8980000)
  from space 19456K, 0% used [0x00000000f9f80000,0x00000000f9f80000,0x00000000fb280000)
  to   space 22528K, 0% used [0x00000000f8980000,0x00000000f8980000,0x00000000f9f80000)
 ParOldGen       total 99328K, used 31876K [0x00000000c0000000, 0x00000000c6100000, 0x00000000eab00000)
  object space 99328K, 32% used [0x00000000c0000000,0x00000000c1f21390,0x00000000c6100000)
 Metaspace       used 57042K, capacity 59002K, committed 59160K, reserved 1099776K
  class space    used 7825K, capacity 8276K, committed 8368K, reserved 1048576K
}
Event: 16.844 GC heap before
{Heap before GC invocations=14 (full 3):
 PSYoungGen      total 247296K, used 227769K [0x00000000eab00000, 0x00000000fbb00000, 0x0000000100000000)
  eden space 227840K, 99% used [0x00000000eab00000,0x00000000f896e4e8,0x00000000f8980000)
  from space 19456K, 0% used [0x00000000f9f80000,0x00000000f9f80000,0x00000000fb280000)
  to   space 22528K, 0% used [0x00000000f8980000,0x00000000f8980000,0x00000000f9f80000)
 ParOldGen       total 99328K, used 31876K [0x00000000c0000000, 0x00000000c6100000, 0x00000000eab00000)
  object space 99328K, 32% used [0x00000000c0000000,0x00000000c1f21390,0x00000000c6100000)
 Metaspace       used 66546K, capacity 69578K, committed 69808K, reserved 1110016K
  class space    used 9280K, capacity 9898K, committed 9904K, reserved 1048576K
Event: 16.915 GC heap after
Heap after GC invocations=14 (full 3):
 PSYoungGen      total 250368K, used 22512K [0x00000000eab00000, 0x00000000fbb00000, 0x0000000100000000)
  eden space 227840K, 0% used [0x00000000eab00000,0x00000000eab00000,0x00000000f8980000)
  from space 22528K, 99% used [0x00000000f8980000,0x00000000f9f7c038,0x00000000f9f80000)
  to   space 19456K, 0% used [0x00000000f9f80000,0x00000000f9f80000,0x00000000fb280000)
 ParOldGen       total 99328K, used 48794K [0x00000000c0000000, 0x00000000c6100000, 0x00000000eab00000)
  object space 99328K, 49% used [0x00000000c0000000,0x00000000c2fa69d0,0x00000000c6100000)
 Metaspace       used 66546K, capacity 69578K, committed 69808K, reserved 1110016K
  class space    used 9280K, capacity 9898K, committed 9904K, reserved 1048576K
}

