# JRE version: OpenJDK Runtime Environment (8.0_242-b01) (build 1.8.0_242-release-1644-b01)
# Java VM: OpenJDK 64-Bit Server VM (25.242-b01 mixed mode windows-amd64 compressed oops)
Heap:
 PSYoungGen      total 203264K, used 184575K [0x00000000eab00000, 0x00000000f7f00000, 0x0000000100000000)
  eden space 192512K, 95% used [0x00000000eab00000,0x00000000f5f3fc30,0x00000000f6700000)
  from space 10752K, 0% used [0x00000000f7480000,0x00000000f7480000,0x00000000f7f00000)
  to   space 12288K, 0% used [0x00000000f6700000,0x00000000f6700000,0x00000000f7300000)
 ParOldGen       total 75776K, used 35294K [0x00000000c0000000, 0x00000000c4a00000, 0x00000000eab00000)
  object space 75776K, 46% used [0x00000000c0000000,0x00000000c22779b0,0x00000000c4a00000)
 Metaspace       used 66205K, capacity 68560K, committed 68656K, reserved 1107968K
  class space    used 8959K, capacity 9479K, committed 9520K, reserved 1048576K
GC Heap History (10 events):
Event: 7.235 GC heap before
{Heap before GC invocations=11 (full 1):
 PSYoungGen      total 138240K, used 22046K [0x00000000eab00000, 0x00000000f8080000, 0x0000000100000000)
  eden space 129024K, 9% used [0x00000000eab00000,0x00000000eb78f748,0x00000000f2900000)
  from space 9216K, 99% used [0x00000000f2900000,0x00000000f31f8118,0x00000000f3200000)
  to   space 12288K, 0% used [0x00000000f7480000,0x00000000f7480000,0x00000000f8080000)
 ParOldGen       total 29696K, used 11214K [0x00000000c0000000, 0x00000000c1d00000, 0x00000000eab00000)
  object space 29696K, 37% used [0x00000000c0000000,0x00000000c0af3810,0x00000000c1d00000)
 Metaspace       used 34509K, capacity 35338K, committed 35496K, reserved 1079296K
  class space    used 4570K, capacity 4834K, committed 4912K, reserved 1048576K
Event: 7.250 GC heap after
Heap after GC invocations=11 (full 1):
 PSYoungGen      total 203264K, used 7366K [0x00000000eab00000, 0x00000000f7f00000, 0x0000000100000000)
  eden space 192512K, 0% used [0x00000000eab00000,0x00000000eab00000,0x00000000f6700000)
  from space 10752K, 68% used [0x00000000f7480000,0x00000000f7bb1a30,0x00000000f7f00000)
  to   space 12288K, 0% used [0x00000000f6700000,0x00000000f6700000,0x00000000f7300000)
 ParOldGen       total 29696K, used 11222K [0x00000000c0000000, 0x00000000c1d00000, 0x00000000eab00000)
  object space 29696K, 37% used [0x00000000c0000000,0x00000000c0af5810,0x00000000c1d00000)
 Metaspace       used 34509K, capacity 35338K, committed 35496K, reserved 1079296K
  class space    used 4570K, capacity 4834K, committed 4912K, reserved 1048576K
}
Event: 7.250 GC heap before
{Heap before GC invocations=12 (full 2):
 PSYoungGen      total 203264K, used 7366K [0x00000000eab00000, 0x00000000f7f00000, 0x0000000100000000)
  eden space 192512K, 0% used [0x00000000eab00000,0x00000000eab00000,0x00000000f6700000)
  from space 10752K, 68% used [0x00000000f7480000,0x00000000f7bb1a30,0x00000000f7f00000)
  to   space 12288K, 0% used [0x00000000f6700000,0x00000000f6700000,0x00000000f7300000)
 ParOldGen       total 29696K, used 11222K [0x00000000c0000000, 0x00000000c1d00000, 0x00000000eab00000)
  object space 29696K, 37% used [0x00000000c0000000,0x00000000c0af5810,0x00000000c1d00000)
 Metaspace       used 34509K, capacity 35338K, committed 35496K, reserved 1079296K
  class space    used 4570K, capacity 4834K, committed 4912K, reserved 1048576K
Event: 7.334 GC heap after
Heap after GC invocations=12 (full 2):
 PSYoungGen      total 203264K, used 0K [0x00000000eab00000, 0x00000000f7f00000, 0x0000000100000000)
  eden space 192512K, 0% used [0x00000000eab00000,0x00000000eab00000,0x00000000f6700000)
  from space 10752K, 0% used [0x00000000f7480000,0x00000000f7480000,0x00000000f7f00000)
  to   space 12288K, 0% used [0x00000000f6700000,0x00000000f6700000,0x00000000f7300000)
 ParOldGen       total 43008K, used 14204K [0x00000000c0000000, 0x00000000c2a00000, 0x00000000eab00000)
  object space 43008K, 33% used [0x00000000c0000000,0x00000000c0ddf358,0x00000000c2a00000)
 Metaspace       used 34509K, capacity 35338K, committed 35496K, reserved 1079296K
  class space    used 4570K, capacity 4834K, committed 4912K, reserved 1048576K
}
Event: 11.230 GC heap before
{Heap before GC invocations=13 (full 2):
 PSYoungGen      total 203264K, used 192512K [0x00000000eab00000, 0x00000000f7f00000, 0x0000000100000000)
  eden space 192512K, 100% used [0x00000000eab00000,0x00000000f6700000,0x00000000f6700000)
  from space 10752K, 0% used [0x00000000f7480000,0x00000000f7480000,0x00000000f7f00000)
  to   space 12288K, 0% used [0x00000000f6700000,0x00000000f6700000,0x00000000f7300000)
 ParOldGen       total 43008K, used 14204K [0x00000000c0000000, 0x00000000c2a00000, 0x00000000eab00000)
  object space 43008K, 33% used [0x00000000c0000000,0x00000000c0ddf358,0x00000000c2a00000)
 Metaspace       used 47158K, capacity 48854K, committed 48944K, reserved 1091584K
  class space    used 6271K, capacity 6684K, committed 6704K, reserved 1048576K
Event: 11.265 GC heap after
Heap after GC invocations=13 (full 2):
 PSYoungGen      total 204800K, used 12281K [0x00000000eab00000, 0x00000000f7f00000, 0x0000000100000000)
  eden space 192512K, 0% used [0x00000000eab00000,0x00000000eab00000,0x00000000f6700000)
  from space 12288K, 99% used [0x00000000f6700000,0x00000000f72fe728,0x00000000f7300000)
  to   space 10752K, 0% used [0x00000000f7480000,0x00000000f7480000,0x00000000f7f00000)
 ParOldGen       total 43008K, used 20252K [0x00000000c0000000, 0x00000000c2a00000, 0x00000000eab00000)
  object space 43008K, 47% used [0x00000000c0000000,0x00000000c13c71c0,0x00000000c2a00000)
 Metaspace       used 47158K, capacity 48854K, committed 48944K, reserved 1091584K
  class space    used 6271K, capacity 6684K, committed 6704K, reserved 1048576K
}
Event: 13.808 GC heap before
{Heap before GC invocations=14 (full 2):
 PSYoungGen      total 204800K, used 127690K [0x00000000eab00000, 0x00000000f7f00000, 0x0000000100000000)
  eden space 192512K, 59% used [0x00000000eab00000,0x00000000f1bb4458,0x00000000f6700000)
  from space 12288K, 99% used [0x00000000f6700000,0x00000000f72fe728,0x00000000f7300000)
  to   space 10752K, 0% used [0x00000000f7480000,0x00000000f7480000,0x00000000f7f00000)
 ParOldGen       total 43008K, used 20252K [0x00000000c0000000, 0x00000000c2a00000, 0x00000000eab00000)
  object space 43008K, 47% used [0x00000000c0000000,0x00000000c13c71c0,0x00000000c2a00000)
 Metaspace       used 57071K, capacity 59102K, committed 59160K, reserved 1099776K
  class space    used 7633K, capacity 8083K, committed 8112K, reserved 1048576K
Event: 13.867 GC heap after
Heap after GC invocations=14 (full 2):
 PSYoungGen      total 203264K, used 10741K [0x00000000eab00000, 0x00000000f7f00000, 0x0000000100000000)
  eden space 192512K, 0% used [0x00000000eab00000,0x00000000eab00000,0x00000000f6700000)
  from space 10752K, 99% used [0x00000000f7480000,0x00000000f7efd610,0x00000000f7f00000)
  to   space 12288K, 0% used [0x00000000f6700000,0x00000000f6700000,0x00000000f7300000)
 ParOldGen       total 43008K, used 32804K [0x00000000c0000000, 0x00000000c2a00000, 0x00000000eab00000)
  object space 43008K, 76% used [0x00000000c0000000,0x00000000c20092d8,0x00000000c2a00000)
 Metaspace       used 57071K, capacity 59102K, committed 59160K, reserved 1099776K
  class space    used 7633K, capacity 8083K, committed 8112K, reserved 1048576K
}
Event: 13.867 GC heap before
{Heap before GC invocations=15 (full 3):
 PSYoungGen      total 203264K, used 10741K [0x00000000eab00000, 0x00000000f7f00000, 0x0000000100000000)
  eden space 192512K, 0% used [0x00000000eab00000,0x00000000eab00000,0x00000000f6700000)
  from space 10752K, 99% used [0x00000000f7480000,0x00000000f7efd610,0x00000000f7f00000)
  to   space 12288K, 0% used [0x00000000f6700000,0x00000000f6700000,0x00000000f7300000)
 ParOldGen       total 43008K, used 32804K [0x00000000c0000000, 0x00000000c2a00000, 0x00000000eab00000)
  object space 43008K, 76% used [0x00000000c0000000,0x00000000c20092d8,0x00000000c2a00000)
 Metaspace       used 57071K, capacity 59102K, committed 59160K, reserved 1099776K
  class space    used 7633K, capacity 8083K, committed 8112K, reserved 1048576K
Event: 14.278 GC heap after
Heap after GC invocations=15 (full 3):
 PSYoungGen      total 203264K, used 0K [0x00000000eab00000, 0x00000000f7f00000, 0x0000000100000000)
  eden space 192512K, 0% used [0x00000000eab00000,0x00000000eab00000,0x00000000f6700000)
  from space 10752K, 0% used [0x00000000f7480000,0x00000000f7480000,0x00000000f7f00000)
  to   space 12288K, 0% used [0x00000000f6700000,0x00000000f6700000,0x00000000f7300000)
 ParOldGen       total 75776K, used 35294K [0x00000000c0000000, 0x00000000c4a00000, 0x00000000eab00000)
  object space 75776K, 46% used [0x00000000c0000000,0x00000000c22779b0,0x00000000c4a00000)
 Metaspace       used 57011K, capacity 58950K, committed 59160K, reserved 1099776K
  class space    used 7618K, capacity 8063K, committed 8112K, reserved 1048576K
}

