# JRE version: OpenJDK Runtime Environment (8.0_242-b01) (build 1.8.0_242-release-1644-b01)
# Java VM: OpenJDK 64-Bit Server VM (25.242-b01 mixed mode windows-amd64 compressed oops)
Heap:
 PSYoungGen      total 200704K, used 35441K [0x00000000eab00000, 0x00000000fcb80000, 0x0000000100000000)
  eden space 187904K, 12% used [0x00000000eab00000,0x00000000ec11f1e8,0x00000000f6280000)
  from space 12800K, 99% used [0x00000000f6280000,0x00000000f6efd520,0x00000000f6f00000)
  to   space 18432K, 0% used [0x00000000fb980000,0x00000000fb980000,0x00000000fcb80000)
 ParOldGen       total 47104K, used 25023K [0x00000000c0000000, 0x00000000c2e00000, 0x00000000eab00000)
  object space 47104K, 53% used [0x00000000c0000000,0x00000000c186fe48,0x00000000c2e00000)
 Metaspace       used 53017K, capacity 54832K, committed 55080K, reserved 1097728K
  class space    used 7199K, capacity 7621K, committed 7728K, reserved 1048576K
GC Heap History (10 events):
Event: 5.660 GC heap before
{Heap before GC invocations=9 (full 1):
 PSYoungGen      total 138752K, used 3828K [0x00000000eab00000, 0x00000000f3c00000, 0x0000000100000000)
  eden space 129024K, 0% used [0x00000000eab00000,0x00000000eab00000,0x00000000f2900000)
  from space 9728K, 39% used [0x00000000f3280000,0x00000000f363d040,0x00000000f3c00000)
  to   space 9728K, 0% used [0x00000000f2900000,0x00000000f2900000,0x00000000f3280000)
 ParOldGen       total 44032K, used 8777K [0x00000000c0000000, 0x00000000c2b00000, 0x00000000eab00000)
  object space 44032K, 19% used [0x00000000c0000000,0x00000000c0892620,0x00000000c2b00000)
 Metaspace       used 20649K, capacity 21260K, committed 21296K, reserved 1067008K
  class space    used 2892K, capacity 3116K, committed 3120K, reserved 1048576K
Event: 5.749 GC heap after
Heap after GC invocations=9 (full 1):
 PSYoungGen      total 138752K, used 0K [0x00000000eab00000, 0x00000000f3c00000, 0x0000000100000000)
  eden space 129024K, 0% used [0x00000000eab00000,0x00000000eab00000,0x00000000f2900000)
  from space 9728K, 0% used [0x00000000f3280000,0x00000000f3280000,0x00000000f3c00000)
  to   space 9728K, 0% used [0x00000000f2900000,0x00000000f2900000,0x00000000f3280000)
 ParOldGen       total 30720K, used 6937K [0x00000000c0000000, 0x00000000c1e00000, 0x00000000eab00000)
  object space 30720K, 22% used [0x00000000c0000000,0x00000000c06c6650,0x00000000c1e00000)
 Metaspace       used 20649K, capacity 21260K, committed 21296K, reserved 1067008K
  class space    used 2892K, capacity 3116K, committed 3120K, reserved 1048576K
}
Event: 7.569 GC heap before
{Heap before GC invocations=10 (full 1):
 PSYoungGen      total 138752K, used 129024K [0x00000000eab00000, 0x00000000f3c00000, 0x0000000100000000)
  eden space 129024K, 100% used [0x00000000eab00000,0x00000000f2900000,0x00000000f2900000)
  from space 9728K, 0% used [0x00000000f3280000,0x00000000f3280000,0x00000000f3c00000)
  to   space 9728K, 0% used [0x00000000f2900000,0x00000000f2900000,0x00000000f3280000)
 ParOldGen       total 30720K, used 6937K [0x00000000c0000000, 0x00000000c1e00000, 0x00000000eab00000)
  object space 30720K, 22% used [0x00000000c0000000,0x00000000c06c6650,0x00000000c1e00000)
 Metaspace       used 32167K, capacity 32920K, committed 33072K, reserved 1077248K
  class space    used 4390K, capacity 4609K, committed 4656K, reserved 1048576K
Event: 7.599 GC heap after
Heap after GC invocations=10 (full 1):
 PSYoungGen      total 138752K, used 9698K [0x00000000eab00000, 0x00000000f7c00000, 0x0000000100000000)
  eden space 129024K, 0% used [0x00000000eab00000,0x00000000eab00000,0x00000000f2900000)
  from space 9728K, 99% used [0x00000000f2900000,0x00000000f3278a60,0x00000000f3280000)
  to   space 12288K, 0% used [0x00000000f7000000,0x00000000f7000000,0x00000000f7c00000)
 ParOldGen       total 30720K, used 10509K [0x00000000c0000000, 0x00000000c1e00000, 0x00000000eab00000)
  object space 30720K, 34% used [0x00000000c0000000,0x00000000c0a43450,0x00000000c1e00000)
 Metaspace       used 32167K, capacity 32920K, committed 33072K, reserved 1077248K
  class space    used 4390K, capacity 4609K, committed 4656K, reserved 1048576K
}
Event: 8.234 GC heap before
{Heap before GC invocations=11 (full 1):
 PSYoungGen      total 138752K, used 60302K [0x00000000eab00000, 0x00000000f7c00000, 0x0000000100000000)
  eden space 129024K, 39% used [0x00000000eab00000,0x00000000edc6ae28,0x00000000f2900000)
  from space 9728K, 99% used [0x00000000f2900000,0x00000000f3278a60,0x00000000f3280000)
  to   space 12288K, 0% used [0x00000000f7000000,0x00000000f7000000,0x00000000f7c00000)
 ParOldGen       total 30720K, used 10509K [0x00000000c0000000, 0x00000000c1e00000, 0x00000000eab00000)
  object space 30720K, 34% used [0x00000000c0000000,0x00000000c0a43450,0x00000000c1e00000)
 Metaspace       used 34585K, capacity 35414K, committed 35496K, reserved 1079296K
  class space    used 4745K, capacity 4972K, committed 5040K, reserved 1048576K
Event: 8.253 GC heap after
Heap after GC invocations=11 (full 1):
 PSYoungGen      total 199680K, used 8837K [0x00000000eab00000, 0x00000000f7b80000, 0x0000000100000000)
  eden space 187904K, 0% used [0x00000000eab00000,0x00000000eab00000,0x00000000f6280000)
  from space 11776K, 75% used [0x00000000f7000000,0x00000000f78a1420,0x00000000f7b80000)
  to   space 12800K, 0% used [0x00000000f6280000,0x00000000f6280000,0x00000000f6f00000)
 ParOldGen       total 30720K, used 10517K [0x00000000c0000000, 0x00000000c1e00000, 0x00000000eab00000)
  object space 30720K, 34% used [0x00000000c0000000,0x00000000c0a45450,0x00000000c1e00000)
 Metaspace       used 34585K, capacity 35414K, committed 35496K, reserved 1079296K
  class space    used 4745K, capacity 4972K, committed 5040K, reserved 1048576K
}
Event: 8.253 GC heap before
{Heap before GC invocations=12 (full 2):
 PSYoungGen      total 199680K, used 8837K [0x00000000eab00000, 0x00000000f7b80000, 0x0000000100000000)
  eden space 187904K, 0% used [0x00000000eab00000,0x00000000eab00000,0x00000000f6280000)
  from space 11776K, 75% used [0x00000000f7000000,0x00000000f78a1420,0x00000000f7b80000)
  to   space 12800K, 0% used [0x00000000f6280000,0x00000000f6280000,0x00000000f6f00000)
 ParOldGen       total 30720K, used 10517K [0x00000000c0000000, 0x00000000c1e00000, 0x00000000eab00000)
  object space 30720K, 34% used [0x00000000c0000000,0x00000000c0a45450,0x00000000c1e00000)
 Metaspace       used 34585K, capacity 35414K, committed 35496K, reserved 1079296K
  class space    used 4745K, capacity 4972K, committed 5040K, reserved 1048576K
Event: 8.334 GC heap after
Heap after GC invocations=12 (full 2):
 PSYoungGen      total 199680K, used 0K [0x00000000eab00000, 0x00000000f7b80000, 0x0000000100000000)
  eden space 187904K, 0% used [0x00000000eab00000,0x00000000eab00000,0x00000000f6280000)
  from space 11776K, 0% used [0x00000000f7000000,0x00000000f7000000,0x00000000f7b80000)
  to   space 12800K, 0% used [0x00000000f6280000,0x00000000f6280000,0x00000000f6f00000)
 ParOldGen       total 47104K, used 15392K [0x00000000c0000000, 0x00000000c2e00000, 0x00000000eab00000)
  object space 47104K, 32% used [0x00000000c0000000,0x00000000c0f083c8,0x00000000c2e00000)
 Metaspace       used 34585K, capacity 35414K, committed 35496K, reserved 1079296K
  class space    used 4745K, capacity 4972K, committed 5040K, reserved 1048576K
}
Event: 11.542 GC heap before
{Heap before GC invocations=13 (full 2):
 PSYoungGen      total 199680K, used 187904K [0x00000000eab00000, 0x00000000f7b80000, 0x0000000100000000)
  eden space 187904K, 100% used [0x00000000eab00000,0x00000000f6280000,0x00000000f6280000)
  from space 11776K, 0% used [0x00000000f7000000,0x00000000f7000000,0x00000000f7b80000)
  to   space 12800K, 0% used [0x00000000f6280000,0x00000000f6280000,0x00000000f6f00000)
 ParOldGen       total 47104K, used 15392K [0x00000000c0000000, 0x00000000c2e00000, 0x00000000eab00000)
  object space 47104K, 32% used [0x00000000c0000000,0x00000000c0f083c8,0x00000000c2e00000)
 Metaspace       used 50307K, capacity 52002K, committed 52264K, reserved 1093632K
  class space    used 6743K, capacity 7152K, committed 7216K, reserved 1048576K
Event: 11.591 GC heap after
Heap after GC invocations=13 (full 2):
 PSYoungGen      total 200704K, used 12789K [0x00000000eab00000, 0x00000000fcb80000, 0x0000000100000000)
  eden space 187904K, 0% used [0x00000000eab00000,0x00000000eab00000,0x00000000f6280000)
  from space 12800K, 99% used [0x00000000f6280000,0x00000000f6efd520,0x00000000f6f00000)
  to   space 18432K, 0% used [0x00000000fb980000,0x00000000fb980000,0x00000000fcb80000)
 ParOldGen       total 47104K, used 25023K [0x00000000c0000000, 0x00000000c2e00000, 0x00000000eab00000)
  object space 47104K, 53% used [0x00000000c0000000,0x00000000c186fe48,0x00000000c2e00000)
 Metaspace       used 50307K, capacity 52002K, committed 52264K, reserved 1093632K
  class space    used 6743K, capacity 7152K, committed 7216K, reserved 1048576K
}

