# JRE version: OpenJDK Runtime Environment (8.0_242-b01) (build 1.8.0_242-release-1644-b01)
# Java VM: OpenJDK 64-Bit Server VM (25.242-b01 mixed mode windows-amd64 compressed oops)
Heap:
 PSYoungGen      total 285184K, used 29962K [0x00000000eab00000, 0x0000000100000000, 0x0000000100000000)
  eden space 262144K, 2% used [0x00000000eab00000,0x00000000eb1c33e8,0x00000000fab00000)
  from space 23040K, 99% used [0x00000000fab00000,0x00000000fc17f518,0x00000000fc180000)
  to   space 31232K, 0% used [0x00000000fe180000,0x00000000fe180000,0x0000000100000000)
 ParOldGen       total 57856K, used 43440K [0x00000000c0000000, 0x00000000c3880000, 0x00000000eab00000)
  object space 57856K, 75% used [0x00000000c0000000,0x00000000c2a6c080,0x00000000c3880000)
 Metaspace       used 74163K, capacity 77814K, committed 78120K, reserved 1116160K
  class space    used 10323K, capacity 10996K, committed 11056K, reserved 1048576K
GC Heap History (10 events):
Event: 7.291 GC heap before
{Heap before GC invocations=10 (full 2):
 PSYoungGen      total 221696K, used 8764K [0x00000000eab00000, 0x00000000f9400000, 0x0000000100000000)
  eden space 208384K, 0% used [0x00000000eab00000,0x00000000eab00000,0x00000000f7680000)
  from space 13312K, 65% used [0x00000000f8380000,0x00000000f8c0f018,0x00000000f9080000)
  to   space 13312K, 0% used [0x00000000f7680000,0x00000000f7680000,0x00000000f8380000)
 ParOldGen       total 44032K, used 17535K [0x00000000c0000000, 0x00000000c2b00000, 0x00000000eab00000)
  object space 44032K, 39% used [0x00000000c0000000,0x00000000c111fd58,0x00000000c2b00000)
 Metaspace       used 34582K, capacity 35410K, committed 35496K, reserved 1079296K
  class space    used 4746K, capacity 4972K, committed 5040K, reserved 1048576K
Event: 7.388 GC heap after
Heap after GC invocations=10 (full 2):
 PSYoungGen      total 221696K, used 0K [0x00000000eab00000, 0x00000000f9400000, 0x0000000100000000)
  eden space 208384K, 0% used [0x00000000eab00000,0x00000000eab00000,0x00000000f7680000)
  from space 13312K, 0% used [0x00000000f8380000,0x00000000f8380000,0x00000000f9080000)
  to   space 13312K, 0% used [0x00000000f7680000,0x00000000f7680000,0x00000000f8380000)
 ParOldGen       total 57856K, used 15273K [0x00000000c0000000, 0x00000000c3880000, 0x00000000eab00000)
  object space 57856K, 26% used [0x00000000c0000000,0x00000000c0eea428,0x00000000c3880000)
 Metaspace       used 34582K, capacity 35410K, committed 35496K, reserved 1079296K
  class space    used 4746K, capacity 4972K, committed 5040K, reserved 1048576K
}
Event: 11.932 GC heap before
{Heap before GC invocations=11 (full 2):
 PSYoungGen      total 221696K, used 208384K [0x00000000eab00000, 0x00000000f9400000, 0x0000000100000000)
  eden space 208384K, 100% used [0x00000000eab00000,0x00000000f7680000,0x00000000f7680000)
  from space 13312K, 0% used [0x00000000f8380000,0x00000000f8380000,0x00000000f9080000)
  to   space 13312K, 0% used [0x00000000f7680000,0x00000000f7680000,0x00000000f8380000)
 ParOldGen       total 57856K, used 15273K [0x00000000c0000000, 0x00000000c3880000, 0x00000000eab00000)
  object space 57856K, 26% used [0x00000000c0000000,0x00000000c0eea428,0x00000000c3880000)
 Metaspace       used 52810K, capacity 54616K, committed 54696K, reserved 1095680K
  class space    used 7176K, capacity 7589K, committed 7600K, reserved 1048576K
Event: 11.994 GC heap after
Heap after GC invocations=11 (full 2):
 PSYoungGen      total 221696K, used 13308K [0x00000000eab00000, 0x00000000fd580000, 0x0000000100000000)
  eden space 208384K, 0% used [0x00000000eab00000,0x00000000eab00000,0x00000000f7680000)
  from space 13312K, 99% used [0x00000000f7680000,0x00000000f837f320,0x00000000f8380000)
  to   space 20480K, 0% used [0x00000000fc180000,0x00000000fc180000,0x00000000fd580000)
 ParOldGen       total 57856K, used 27394K [0x00000000c0000000, 0x00000000c3880000, 0x00000000eab00000)
  object space 57856K, 47% used [0x00000000c0000000,0x00000000c1ac08e8,0x00000000c3880000)
 Metaspace       used 52810K, capacity 54616K, committed 54696K, reserved 1095680K
  class space    used 7176K, capacity 7589K, committed 7600K, reserved 1048576K
}
Event: 12.980 GC heap before
{Heap before GC invocations=12 (full 2):
 PSYoungGen      total 221696K, used 75281K [0x00000000eab00000, 0x00000000fd580000, 0x0000000100000000)
  eden space 208384K, 29% used [0x00000000eab00000,0x00000000ee785308,0x00000000f7680000)
  from space 13312K, 99% used [0x00000000f7680000,0x00000000f837f320,0x00000000f8380000)
  to   space 20480K, 0% used [0x00000000fc180000,0x00000000fc180000,0x00000000fd580000)
 ParOldGen       total 57856K, used 27394K [0x00000000c0000000, 0x00000000c3880000, 0x00000000eab00000)
  object space 57856K, 47% used [0x00000000c0000000,0x00000000c1ac08e8,0x00000000c3880000)
 Metaspace       used 57090K, capacity 59064K, committed 59160K, reserved 1099776K
  class space    used 7834K, capacity 8283K, committed 8368K, reserved 1048576K
Event: 13.018 GC heap after
Heap after GC invocations=12 (full 2):
 PSYoungGen      total 282624K, used 18518K [0x00000000eab00000, 0x00000000fe100000, 0x0000000100000000)
  eden space 262144K, 0% used [0x00000000eab00000,0x00000000eab00000,0x00000000fab00000)
  from space 20480K, 90% used [0x00000000fc180000,0x00000000fd395a88,0x00000000fd580000)
  to   space 23040K, 0% used [0x00000000fab00000,0x00000000fab00000,0x00000000fc180000)
 ParOldGen       total 57856K, used 27402K [0x00000000c0000000, 0x00000000c3880000, 0x00000000eab00000)
  object space 57856K, 47% used [0x00000000c0000000,0x00000000c1ac28e8,0x00000000c3880000)
 Metaspace       used 57090K, capacity 59064K, committed 59160K, reserved 1099776K
  class space    used 7834K, capacity 8283K, committed 8368K, reserved 1048576K
}
Event: 13.018 GC heap before
{Heap before GC invocations=13 (full 3):
 PSYoungGen      total 282624K, used 18518K [0x00000000eab00000, 0x00000000fe100000, 0x0000000100000000)
  eden space 262144K, 0% used [0x00000000eab00000,0x00000000eab00000,0x00000000fab00000)
  from space 20480K, 90% used [0x00000000fc180000,0x00000000fd395a88,0x00000000fd580000)
  to   space 23040K, 0% used [0x00000000fab00000,0x00000000fab00000,0x00000000fc180000)
 ParOldGen       total 57856K, used 27402K [0x00000000c0000000, 0x00000000c3880000, 0x00000000eab00000)
  object space 57856K, 47% used [0x00000000c0000000,0x00000000c1ac28e8,0x00000000c3880000)
 Metaspace       used 57090K, capacity 59064K, committed 59160K, reserved 1099776K
  class space    used 7834K, capacity 8283K, committed 8368K, reserved 1048576K
Event: 13.357 GC heap after
Heap after GC invocations=13 (full 3):
 PSYoungGen      total 282624K, used 0K [0x00000000eab00000, 0x00000000fe100000, 0x0000000100000000)
  eden space 262144K, 0% used [0x00000000eab00000,0x00000000eab00000,0x00000000fab00000)
  from space 20480K, 0% used [0x00000000fc180000,0x00000000fc180000,0x00000000fd580000)
  to   space 23040K, 0% used [0x00000000fab00000,0x00000000fab00000,0x00000000fc180000)
 ParOldGen       total 57856K, used 30483K [0x00000000c0000000, 0x00000000c3880000, 0x00000000eab00000)
  object space 57856K, 52% used [0x00000000c0000000,0x00000000c1dc4e60,0x00000000c3880000)
 Metaspace       used 57076K, capacity 59016K, committed 59160K, reserved 1099776K
  class space    used 7830K, capacity 8275K, committed 8368K, reserved 1048576K
}
Event: 20.329 GC heap before
{Heap before GC invocations=14 (full 3):
 PSYoungGen      total 282624K, used 262144K [0x00000000eab00000, 0x00000000fe100000, 0x0000000100000000)
  eden space 262144K, 100% used [0x00000000eab00000,0x00000000fab00000,0x00000000fab00000)
  from space 20480K, 0% used [0x00000000fc180000,0x00000000fc180000,0x00000000fd580000)
  to   space 23040K, 0% used [0x00000000fab00000,0x00000000fab00000,0x00000000fc180000)
 ParOldGen       total 57856K, used 30483K [0x00000000c0000000, 0x00000000c3880000, 0x00000000eab00000)
  object space 57856K, 52% used [0x00000000c0000000,0x00000000c1dc4e60,0x00000000c3880000)
 Metaspace       used 73937K, capacity 77562K, committed 77864K, reserved 1116160K
  class space    used 10266K, capacity 10942K, committed 11056K, reserved 1048576K
Event: 20.400 GC heap after
Heap after GC invocations=14 (full 3):
 PSYoungGen      total 285184K, used 23037K [0x00000000eab00000, 0x0000000100000000, 0x0000000100000000)
  eden space 262144K, 0% used [0x00000000eab00000,0x00000000eab00000,0x00000000fab00000)
  from space 23040K, 99% used [0x00000000fab00000,0x00000000fc17f518,0x00000000fc180000)
  to   space 31232K, 0% used [0x00000000fe180000,0x00000000fe180000,0x0000000100000000)
 ParOldGen       total 57856K, used 43440K [0x00000000c0000000, 0x00000000c3880000, 0x00000000eab00000)
  object space 57856K, 75% used [0x00000000c0000000,0x00000000c2a6c080,0x00000000c3880000)
 Metaspace       used 73937K, capacity 77562K, committed 77864K, reserved 1116160K
  class space    used 10266K, capacity 10942K, committed 11056K, reserved 1048576K
}

