# JRE version: OpenJDK Runtime Environment (8.0_242-b01) (build 1.8.0_242-release-1644-b01)
# Java VM: OpenJDK 64-Bit Server VM (25.242-b01 mixed mode windows-amd64 compressed oops)
Heap:
 PSYoungGen      total 301056K, used 134193K [0x00000000eab00000, 0x0000000100000000, 0x0000000100000000)
  eden space 279552K, 48% used [0x00000000eab00000,0x00000000f2e0c7d0,0x00000000fbc00000)
  from space 21504K, 0% used [0x00000000feb00000,0x00000000feb00000,0x0000000100000000)
  to   space 34816K, 0% used [0x00000000fbc00000,0x00000000fbc00000,0x00000000fde00000)
 ParOldGen       total 77824K, used 69346K [0x00000000c0000000, 0x00000000c4c00000, 0x00000000eab00000)
  object space 77824K, 89% used [0x00000000c0000000,0x00000000c43b8980,0x00000000c4c00000)
 Metaspace       used 86416K, capacity 90178K, committed 90536K, reserved 1128448K
  class space    used 11602K, capacity 12364K, committed 12464K, reserved 1048576K
GC Heap History (10 events):
Event: 12.164 GC heap before
{Heap before GC invocations=14 (full 2):
 PSYoungGen      total 197632K, used 96397K [0x00000000eab00000, 0x00000000fc800000, 0x0000000100000000)
  eden space 184832K, 45% used [0x00000000eab00000,0x00000000efcaa360,0x00000000f5f80000)
  from space 12800K, 99% used [0x00000000f5f80000,0x00000000f6bf92d8,0x00000000f6c00000)
  to   space 18432K, 0% used [0x00000000fb600000,0x00000000fb600000,0x00000000fc800000)
 ParOldGen       total 46592K, used 24941K [0x00000000c0000000, 0x00000000c2d80000, 0x00000000eab00000)
  object space 46592K, 53% used [0x00000000c0000000,0x00000000c185b408,0x00000000c2d80000)
 Metaspace       used 57050K, capacity 59038K, committed 59160K, reserved 1099776K
  class space    used 7839K, capacity 8284K, committed 8368K, reserved 1048576K
Event: 12.195 GC heap after
Heap after GC invocations=14 (full 2):
 PSYoungGen      total 264192K, used 8959K [0x00000000eab00000, 0x00000000fc300000, 0x0000000100000000)
  eden space 250880K, 0% used [0x00000000eab00000,0x00000000eab00000,0x00000000fa000000)
  from space 13312K, 67% used [0x00000000fb600000,0x00000000fbebff28,0x00000000fc300000)
  to   space 17920K, 0% used [0x00000000fa000000,0x00000000fa000000,0x00000000fb180000)
 ParOldGen       total 46592K, used 36644K [0x00000000c0000000, 0x00000000c2d80000, 0x00000000eab00000)
  object space 46592K, 78% used [0x00000000c0000000,0x00000000c23c9188,0x00000000c2d80000)
 Metaspace       used 57050K, capacity 59038K, committed 59160K, reserved 1099776K
  class space    used 7839K, capacity 8284K, committed 8368K, reserved 1048576K
}
Event: 12.195 GC heap before
{Heap before GC invocations=15 (full 3):
 PSYoungGen      total 264192K, used 8959K [0x00000000eab00000, 0x00000000fc300000, 0x0000000100000000)
  eden space 250880K, 0% used [0x00000000eab00000,0x00000000eab00000,0x00000000fa000000)
  from space 13312K, 67% used [0x00000000fb600000,0x00000000fbebff28,0x00000000fc300000)
  to   space 17920K, 0% used [0x00000000fa000000,0x00000000fa000000,0x00000000fb180000)
 ParOldGen       total 46592K, used 36644K [0x00000000c0000000, 0x00000000c2d80000, 0x00000000eab00000)
  object space 46592K, 78% used [0x00000000c0000000,0x00000000c23c9188,0x00000000c2d80000)
 Metaspace       used 57050K, capacity 59038K, committed 59160K, reserved 1099776K
  class space    used 7839K, capacity 8284K, committed 8368K, reserved 1048576K
Event: 12.495 GC heap after
Heap after GC invocations=15 (full 3):
 PSYoungGen      total 264192K, used 0K [0x00000000eab00000, 0x00000000fc300000, 0x0000000100000000)
  eden space 250880K, 0% used [0x00000000eab00000,0x00000000eab00000,0x00000000fa000000)
  from space 13312K, 0% used [0x00000000fb600000,0x00000000fb600000,0x00000000fc300000)
  to   space 17920K, 0% used [0x00000000fa000000,0x00000000fa000000,0x00000000fb180000)
 ParOldGen       total 77824K, used 32605K [0x00000000c0000000, 0x00000000c4c00000, 0x00000000eab00000)
  object space 77824K, 41% used [0x00000000c0000000,0x00000000c1fd7408,0x00000000c4c00000)
 Metaspace       used 57043K, capacity 59014K, committed 59160K, reserved 1099776K
  class space    used 7836K, capacity 8280K, committed 8368K, reserved 1048576K
}
Event: 21.322 GC heap before
{Heap before GC invocations=16 (full 3):
 PSYoungGen      total 264192K, used 250880K [0x00000000eab00000, 0x00000000fc300000, 0x0000000100000000)
  eden space 250880K, 100% used [0x00000000eab00000,0x00000000fa000000,0x00000000fa000000)
  from space 13312K, 0% used [0x00000000fb600000,0x00000000fb600000,0x00000000fc300000)
  to   space 17920K, 0% used [0x00000000fa000000,0x00000000fa000000,0x00000000fb180000)
 ParOldGen       total 77824K, used 32605K [0x00000000c0000000, 0x00000000c4c00000, 0x00000000eab00000)
  object space 77824K, 41% used [0x00000000c0000000,0x00000000c1fd7408,0x00000000c4c00000)
 Metaspace       used 68978K, capacity 71880K, committed 72104K, reserved 1112064K
  class space    used 9288K, capacity 9891K, committed 9904K, reserved 1048576K
Event: 21.348 GC heap after
Heap after GC invocations=16 (full 3):
 PSYoungGen      total 268800K, used 17910K [0x00000000eab00000, 0x0000000100000000, 0x0000000100000000)
  eden space 250880K, 0% used [0x00000000eab00000,0x00000000eab00000,0x00000000fa000000)
  from space 17920K, 99% used [0x00000000fa000000,0x00000000fb17d8d0,0x00000000fb180000)
  to   space 21504K, 0% used [0x00000000feb00000,0x00000000feb00000,0x0000000100000000)
 ParOldGen       total 77824K, used 35353K [0x00000000c0000000, 0x00000000c4c00000, 0x00000000eab00000)
  object space 77824K, 45% used [0x00000000c0000000,0x00000000c2286698,0x00000000c4c00000)
 Metaspace       used 68978K, capacity 71880K, committed 72104K, reserved 1112064K
  class space    used 9288K, capacity 9891K, committed 9904K, reserved 1048576K
}
Event: 80.698 GC heap before
{Heap before GC invocations=17 (full 3):
 PSYoungGen      total 268800K, used 268790K [0x00000000eab00000, 0x0000000100000000, 0x0000000100000000)
  eden space 250880K, 100% used [0x00000000eab00000,0x00000000fa000000,0x00000000fa000000)
  from space 17920K, 99% used [0x00000000fa000000,0x00000000fb17d8d0,0x00000000fb180000)
  to   space 21504K, 0% used [0x00000000feb00000,0x00000000feb00000,0x0000000100000000)
 ParOldGen       total 77824K, used 35353K [0x00000000c0000000, 0x00000000c4c00000, 0x00000000eab00000)
  object space 77824K, 45% used [0x00000000c0000000,0x00000000c2286698,0x00000000c4c00000)
 Metaspace       used 84178K, capacity 88088K, committed 88232K, reserved 1126400K
  class space    used 11323K, capacity 12111K, committed 12208K, reserved 1048576K
Event: 80.798 GC heap after
Heap after GC invocations=17 (full 3):
 PSYoungGen      total 301056K, used 21494K [0x00000000eab00000, 0x0000000100000000, 0x0000000100000000)
  eden space 279552K, 0% used [0x00000000eab00000,0x00000000eab00000,0x00000000fbc00000)
  from space 21504K, 99% used [0x00000000feb00000,0x00000000ffffda38,0x0000000100000000)
  to   space 34816K, 0% used [0x00000000fbc00000,0x00000000fbc00000,0x00000000fde00000)
 ParOldGen       total 77824K, used 61279K [0x00000000c0000000, 0x00000000c4c00000, 0x00000000eab00000)
  object space 77824K, 78% used [0x00000000c0000000,0x00000000c3bd7c70,0x00000000c4c00000)
 Metaspace       used 84178K, capacity 88088K, committed 88232K, reserved 1126400K
  class space    used 11323K, capacity 12111K, committed 12208K, reserved 1048576K
}
Event: 80.799 GC heap before
{Heap before GC invocations=18 (full 4):
 PSYoungGen      total 301056K, used 21494K [0x00000000eab00000, 0x0000000100000000, 0x0000000100000000)
  eden space 279552K, 0% used [0x00000000eab00000,0x00000000eab00000,0x00000000fbc00000)
  from space 21504K, 99% used [0x00000000feb00000,0x00000000ffffda38,0x0000000100000000)
  to   space 34816K, 0% used [0x00000000fbc00000,0x00000000fbc00000,0x00000000fde00000)
 ParOldGen       total 77824K, used 61279K [0x00000000c0000000, 0x00000000c4c00000, 0x00000000eab00000)
  object space 77824K, 78% used [0x00000000c0000000,0x00000000c3bd7c70,0x00000000c4c00000)
 Metaspace       used 84178K, capacity 88088K, committed 88232K, reserved 1126400K
  class space    used 11323K, capacity 12111K, committed 12208K, reserved 1048576K
Event: 81.222 GC heap after
Heap after GC invocations=18 (full 4):
 PSYoungGen      total 301056K, used 0K [0x00000000eab00000, 0x0000000100000000, 0x0000000100000000)
  eden space 279552K, 0% used [0x00000000eab00000,0x00000000eab00000,0x00000000fbc00000)
  from space 21504K, 0% used [0x00000000feb00000,0x00000000feb00000,0x0000000100000000)
  to   space 34816K, 0% used [0x00000000fbc00000,0x00000000fbc00000,0x00000000fde00000)
 ParOldGen       total 77824K, used 69346K [0x00000000c0000000, 0x00000000c4c00000, 0x00000000eab00000)
  object space 77824K, 89% used [0x00000000c0000000,0x00000000c43b8980,0x00000000c4c00000)
 Metaspace       used 84043K, capacity 87696K, committed 88232K, reserved 1126400K
  class space    used 11279K, capacity 12033K, committed 12208K, reserved 1048576K
}

