# JRE version: OpenJDK Runtime Environment (8.0_242-b01) (build 1.8.0_242-release-1644-b01)
# Java VM: OpenJDK 64-Bit Server VM (25.242-b01 mixed mode windows-amd64 compressed oops)
Heap:
 PSYoungGen      total 206336K, used 21393K [0x00000000eab00000, 0x00000000f8280000, 0x0000000100000000)
  eden space 194048K, 11% used [0x00000000eab00000,0x00000000ebfe4410,0x00000000f6880000)
  from space 12288K, 0% used [0x00000000f7600000,0x00000000f7600000,0x00000000f8200000)
  to   space 13312K, 0% used [0x00000000f6880000,0x00000000f6880000,0x00000000f7580000)
 ParOldGen       total 43520K, used 15537K [0x00000000c0000000, 0x00000000c2a80000, 0x00000000eab00000)
  object space 43520K, 35% used [0x00000000c0000000,0x00000000c0f2c660,0x00000000c2a80000)
 Metaspace       used 35180K, capacity 36244K, committed 36392K, reserved 1081344K
  class space    used 4834K, capacity 5137K, committed 5168K, reserved 1048576K
GC Heap History (10 events):
Event: 4.040 GC heap before
{Heap before GC invocations=8 (full 0):
 PSYoungGen      total 71680K, used 8884K [0x00000000eab00000, 0x00000000f3c00000, 0x0000000100000000)
  eden space 64512K, 2% used [0x00000000eab00000,0x00000000eacaf2a0,0x00000000eea00000)
  from space 7168K, 99% used [0x00000000eea00000,0x00000000ef0fdf10,0x00000000ef100000)
  to   space 9728K, 0% used [0x00000000f3280000,0x00000000f3280000,0x00000000f3c00000)
 ParOldGen       total 44032K, used 8056K [0x00000000c0000000, 0x00000000c2b00000, 0x00000000eab00000)
  object space 44032K, 18% used [0x00000000c0000000,0x00000000c07de258,0x00000000c2b00000)
 Metaspace       used 20589K, capacity 21228K, committed 21296K, reserved 1067008K
  class space    used 2885K, capacity 3084K, committed 3120K, reserved 1048576K
Event: 4.049 GC heap after
Heap after GC invocations=8 (full 0):
 PSYoungGen      total 138752K, used 3844K [0x00000000eab00000, 0x00000000f3c00000, 0x0000000100000000)
  eden space 129024K, 0% used [0x00000000eab00000,0x00000000eab00000,0x00000000f2900000)
  from space 9728K, 39% used [0x00000000f3280000,0x00000000f3641050,0x00000000f3c00000)
  to   space 9728K, 0% used [0x00000000f2900000,0x00000000f2900000,0x00000000f3280000)
 ParOldGen       total 44032K, used 8560K [0x00000000c0000000, 0x00000000c2b00000, 0x00000000eab00000)
  object space 44032K, 19% used [0x00000000c0000000,0x00000000c085c258,0x00000000c2b00000)
 Metaspace       used 20589K, capacity 21228K, committed 21296K, reserved 1067008K
  class space    used 2885K, capacity 3084K, committed 3120K, reserved 1048576K
}
Event: 4.049 GC heap before
{Heap before GC invocations=9 (full 1):
 PSYoungGen      total 138752K, used 3844K [0x00000000eab00000, 0x00000000f3c00000, 0x0000000100000000)
  eden space 129024K, 0% used [0x00000000eab00000,0x00000000eab00000,0x00000000f2900000)
  from space 9728K, 39% used [0x00000000f3280000,0x00000000f3641050,0x00000000f3c00000)
  to   space 9728K, 0% used [0x00000000f2900000,0x00000000f2900000,0x00000000f3280000)
 ParOldGen       total 44032K, used 8560K [0x00000000c0000000, 0x00000000c2b00000, 0x00000000eab00000)
  object space 44032K, 19% used [0x00000000c0000000,0x00000000c085c258,0x00000000c2b00000)
 Metaspace       used 20589K, capacity 21228K, committed 21296K, reserved 1067008K
  class space    used 2885K, capacity 3084K, committed 3120K, reserved 1048576K
Event: 4.105 GC heap after
Heap after GC invocations=9 (full 1):
 PSYoungGen      total 138752K, used 0K [0x00000000eab00000, 0x00000000f3c00000, 0x0000000100000000)
  eden space 129024K, 0% used [0x00000000eab00000,0x00000000eab00000,0x00000000f2900000)
  from space 9728K, 0% used [0x00000000f3280000,0x00000000f3280000,0x00000000f3c00000)
  to   space 9728K, 0% used [0x00000000f2900000,0x00000000f2900000,0x00000000f3280000)
 ParOldGen       total 29184K, used 6871K [0x00000000c0000000, 0x00000000c1c80000, 0x00000000eab00000)
  object space 29184K, 23% used [0x00000000c0000000,0x00000000c06b5c48,0x00000000c1c80000)
 Metaspace       used 20589K, capacity 21228K, committed 21296K, reserved 1067008K
  class space    used 2885K, capacity 3084K, committed 3120K, reserved 1048576K
}
Event: 5.910 GC heap before
{Heap before GC invocations=10 (full 1):
 PSYoungGen      total 138752K, used 129024K [0x00000000eab00000, 0x00000000f3c00000, 0x0000000100000000)
  eden space 129024K, 100% used [0x00000000eab00000,0x00000000f2900000,0x00000000f2900000)
  from space 9728K, 0% used [0x00000000f3280000,0x00000000f3280000,0x00000000f3c00000)
  to   space 9728K, 0% used [0x00000000f2900000,0x00000000f2900000,0x00000000f3280000)
 ParOldGen       total 29184K, used 6871K [0x00000000c0000000, 0x00000000c1c80000, 0x00000000eab00000)
  object space 29184K, 23% used [0x00000000c0000000,0x00000000c06b5c48,0x00000000c1c80000)
 Metaspace       used 32160K, capacity 32920K, committed 33072K, reserved 1077248K
  class space    used 4390K, capacity 4609K, committed 4656K, reserved 1048576K
Event: 5.934 GC heap after
Heap after GC invocations=10 (full 1):
 PSYoungGen      total 138752K, used 9708K [0x00000000eab00000, 0x00000000f8200000, 0x0000000100000000)
  eden space 129024K, 0% used [0x00000000eab00000,0x00000000eab00000,0x00000000f2900000)
  from space 9728K, 99% used [0x00000000f2900000,0x00000000f327b098,0x00000000f3280000)
  to   space 12288K, 0% used [0x00000000f7600000,0x00000000f7600000,0x00000000f8200000)
 ParOldGen       total 29184K, used 10445K [0x00000000c0000000, 0x00000000c1c80000, 0x00000000eab00000)
  object space 29184K, 35% used [0x00000000c0000000,0x00000000c0a334e0,0x00000000c1c80000)
 Metaspace       used 32160K, capacity 32920K, committed 33072K, reserved 1077248K
  class space    used 4390K, capacity 4609K, committed 4656K, reserved 1048576K
}
Event: 6.515 GC heap before
{Heap before GC invocations=11 (full 1):
 PSYoungGen      total 138752K, used 60097K [0x00000000eab00000, 0x00000000f8200000, 0x0000000100000000)
  eden space 129024K, 39% used [0x00000000eab00000,0x00000000edc355c8,0x00000000f2900000)
  from space 9728K, 99% used [0x00000000f2900000,0x00000000f327b098,0x00000000f3280000)
  to   space 12288K, 0% used [0x00000000f7600000,0x00000000f7600000,0x00000000f8200000)
 ParOldGen       total 29184K, used 10445K [0x00000000c0000000, 0x00000000c1c80000, 0x00000000eab00000)
  object space 29184K, 35% used [0x00000000c0000000,0x00000000c0a334e0,0x00000000c1c80000)
 Metaspace       used 34582K, capacity 35410K, committed 35496K, reserved 1079296K
  class space    used 4744K, capacity 4972K, committed 5040K, reserved 1048576K
Event: 6.539 GC heap after
Heap after GC invocations=11 (full 1):
 PSYoungGen      total 206336K, used 9013K [0x00000000eab00000, 0x00000000f8280000, 0x0000000100000000)
  eden space 194048K, 0% used [0x00000000eab00000,0x00000000eab00000,0x00000000f6880000)
  from space 12288K, 73% used [0x00000000f7600000,0x00000000f7ecd430,0x00000000f8200000)
  to   space 13312K, 0% used [0x00000000f6880000,0x00000000f6880000,0x00000000f7580000)
 ParOldGen       total 29184K, used 10453K [0x00000000c0000000, 0x00000000c1c80000, 0x00000000eab00000)
  object space 29184K, 35% used [0x00000000c0000000,0x00000000c0a354e0,0x00000000c1c80000)
 Metaspace       used 34582K, capacity 35410K, committed 35496K, reserved 1079296K
  class space    used 4744K, capacity 4972K, committed 5040K, reserved 1048576K
}
Event: 6.539 GC heap before
{Heap before GC invocations=12 (full 2):
 PSYoungGen      total 206336K, used 9013K [0x00000000eab00000, 0x00000000f8280000, 0x0000000100000000)
  eden space 194048K, 0% used [0x00000000eab00000,0x00000000eab00000,0x00000000f6880000)
  from space 12288K, 73% used [0x00000000f7600000,0x00000000f7ecd430,0x00000000f8200000)
  to   space 13312K, 0% used [0x00000000f6880000,0x00000000f6880000,0x00000000f7580000)
 ParOldGen       total 29184K, used 10453K [0x00000000c0000000, 0x00000000c1c80000, 0x00000000eab00000)
  object space 29184K, 35% used [0x00000000c0000000,0x00000000c0a354e0,0x00000000c1c80000)
 Metaspace       used 34582K, capacity 35410K, committed 35496K, reserved 1079296K
  class space    used 4744K, capacity 4972K, committed 5040K, reserved 1048576K
Event: 6.629 GC heap after
Heap after GC invocations=12 (full 2):
 PSYoungGen      total 206336K, used 0K [0x00000000eab00000, 0x00000000f8280000, 0x0000000100000000)
  eden space 194048K, 0% used [0x00000000eab00000,0x00000000eab00000,0x00000000f6880000)
  from space 12288K, 0% used [0x00000000f7600000,0x00000000f7600000,0x00000000f8200000)
  to   space 13312K, 0% used [0x00000000f6880000,0x00000000f6880000,0x00000000f7580000)
 ParOldGen       total 43520K, used 15537K [0x00000000c0000000, 0x00000000c2a80000, 0x00000000eab00000)
  object space 43520K, 35% used [0x00000000c0000000,0x00000000c0f2c660,0x00000000c2a80000)
 Metaspace       used 34582K, capacity 35410K, committed 35496K, reserved 1079296K
  class space    used 4744K, capacity 4972K, committed 5040K, reserved 1048576K
}

