# JRE version: OpenJDK Runtime Environment (8.0_242-b01) (build 1.8.0_242-release-1644-b01)
# Java VM: OpenJDK 64-Bit Server VM (25.242-b01 mixed mode windows-amd64 compressed oops)
Heap:
 PSYoungGen      total 105472K, used 11238K [0x00000000eab00000, 0x00000000f1e00000, 0x0000000100000000)
  eden space 95232K, 2% used [0x00000000eab00000,0x00000000ead20e70,0x00000000f0800000)
  from space 10240K, 88% used [0x00000000f1300000,0x00000000f1bd8c00,0x00000000f1d00000)
  to   space 11264K, 0% used [0x00000000f0800000,0x00000000f0800000,0x00000000f1300000)
 ParOldGen       total 30208K, used 7960K [0x00000000c0000000, 0x00000000c1d80000, 0x00000000eab00000)
  object space 30208K, 26% used [0x00000000c0000000,0x00000000c07c63c8,0x00000000c1d80000)
 Metaspace       used 33380K, capacity 34274K, committed 34480K, reserved 1079296K
  class space    used 4471K, capacity 4736K, committed 4784K, reserved 1048576K
GC Heap History (10 events):
Event: 4.527 GC heap before
{Heap before GC invocations=7 (full 0):
 PSYoungGen      total 70656K, used 70577K [0x00000000eab00000, 0x00000000ef900000, 0x0000000100000000)
  eden space 64512K, 100% used [0x00000000eab00000,0x00000000eea00000,0x00000000eea00000)
  from space 6144K, 98% used [0x00000000ef100000,0x00000000ef6ec778,0x00000000ef700000)
  to   space 7168K, 0% used [0x00000000eea00000,0x00000000eea00000,0x00000000ef100000)
 ParOldGen       total 44032K, used 5116K [0x00000000c0000000, 0x00000000c2b00000, 0x00000000eab00000)
  object space 44032K, 11% used [0x00000000c0000000,0x00000000c04ff0e8,0x00000000c2b00000)
 Metaspace       used 20440K, capacity 21090K, committed 21296K, reserved 1067008K
  class space    used 2870K, capacity 3093K, committed 3120K, reserved 1048576K
Event: 4.576 GC heap after
Heap after GC invocations=7 (full 0):
 PSYoungGen      total 71680K, used 7148K [0x00000000eab00000, 0x00000000ef900000, 0x0000000100000000)
  eden space 64512K, 0% used [0x00000000eab00000,0x00000000eab00000,0x00000000eea00000)
  from space 7168K, 99% used [0x00000000eea00000,0x00000000ef0fb310,0x00000000ef100000)
  to   space 6144K, 0% used [0x00000000ef100000,0x00000000ef100000,0x00000000ef700000)
 ParOldGen       total 44032K, used 8100K [0x00000000c0000000, 0x00000000c2b00000, 0x00000000eab00000)
  object space 44032K, 18% used [0x00000000c0000000,0x00000000c07e9128,0x00000000c2b00000)
 Metaspace       used 20440K, capacity 21090K, committed 21296K, reserved 1067008K
  class space    used 2870K, capacity 3093K, committed 3120K, reserved 1048576K
}
Event: 4.615 GC heap before
{Heap before GC invocations=8 (full 0):
 PSYoungGen      total 71680K, used 10738K [0x00000000eab00000, 0x00000000ef900000, 0x0000000100000000)
  eden space 64512K, 5% used [0x00000000eab00000,0x00000000eae81568,0x00000000eea00000)
  from space 7168K, 99% used [0x00000000eea00000,0x00000000ef0fb310,0x00000000ef100000)
  to   space 6144K, 0% used [0x00000000ef100000,0x00000000ef100000,0x00000000ef700000)
 ParOldGen       total 44032K, used 8100K [0x00000000c0000000, 0x00000000c2b00000, 0x00000000eab00000)
  object space 44032K, 18% used [0x00000000c0000000,0x00000000c07e9128,0x00000000c2b00000)
 Metaspace       used 20585K, capacity 21218K, committed 21296K, reserved 1067008K
  class space    used 2891K, capacity 3093K, committed 3120K, reserved 1048576K
Event: 4.626 GC heap after
Heap after GC invocations=8 (full 0):
 PSYoungGen      total 70656K, used 4005K [0x00000000eab00000, 0x00000000ef900000, 0x0000000100000000)
  eden space 64512K, 0% used [0x00000000eab00000,0x00000000eab00000,0x00000000eea00000)
  from space 6144K, 65% used [0x00000000ef100000,0x00000000ef4e9478,0x00000000ef700000)
  to   space 7168K, 0% used [0x00000000eea00000,0x00000000eea00000,0x00000000ef100000)
 ParOldGen       total 44032K, used 8700K [0x00000000c0000000, 0x00000000c2b00000, 0x00000000eab00000)
  object space 44032K, 19% used [0x00000000c0000000,0x00000000c087f128,0x00000000c2b00000)
 Metaspace       used 20585K, capacity 21218K, committed 21296K, reserved 1067008K
  class space    used 2891K, capacity 3093K, committed 3120K, reserved 1048576K
}
Event: 4.626 GC heap before
{Heap before GC invocations=9 (full 1):
 PSYoungGen      total 70656K, used 4005K [0x00000000eab00000, 0x00000000ef900000, 0x0000000100000000)
  eden space 64512K, 0% used [0x00000000eab00000,0x00000000eab00000,0x00000000eea00000)
  from space 6144K, 65% used [0x00000000ef100000,0x00000000ef4e9478,0x00000000ef700000)
  to   space 7168K, 0% used [0x00000000eea00000,0x00000000eea00000,0x00000000ef100000)
 ParOldGen       total 44032K, used 8700K [0x00000000c0000000, 0x00000000c2b00000, 0x00000000eab00000)
  object space 44032K, 19% used [0x00000000c0000000,0x00000000c087f128,0x00000000c2b00000)
 Metaspace       used 20585K, capacity 21218K, committed 21296K, reserved 1067008K
  class space    used 2891K, capacity 3093K, committed 3120K, reserved 1048576K
Event: 4.689 GC heap after
Heap after GC invocations=9 (full 1):
 PSYoungGen      total 70656K, used 0K [0x00000000eab00000, 0x00000000ef900000, 0x0000000100000000)
  eden space 64512K, 0% used [0x00000000eab00000,0x00000000eab00000,0x00000000eea00000)
  from space 6144K, 0% used [0x00000000ef100000,0x00000000ef100000,0x00000000ef700000)
  to   space 7168K, 0% used [0x00000000eea00000,0x00000000eea00000,0x00000000ef100000)
 ParOldGen       total 30208K, used 7126K [0x00000000c0000000, 0x00000000c1d80000, 0x00000000eab00000)
  object space 30208K, 23% used [0x00000000c0000000,0x00000000c06f5a40,0x00000000c1d80000)
 Metaspace       used 20585K, capacity 21218K, committed 21296K, reserved 1067008K
  class space    used 2891K, capacity 3093K, committed 3120K, reserved 1048576K
}
Event: 5.776 GC heap before
{Heap before GC invocations=10 (full 1):
 PSYoungGen      total 70656K, used 64512K [0x00000000eab00000, 0x00000000ef900000, 0x0000000100000000)
  eden space 64512K, 100% used [0x00000000eab00000,0x00000000eea00000,0x00000000eea00000)
  from space 6144K, 0% used [0x00000000ef100000,0x00000000ef100000,0x00000000ef700000)
  to   space 7168K, 0% used [0x00000000eea00000,0x00000000eea00000,0x00000000ef100000)
 ParOldGen       total 30208K, used 7126K [0x00000000c0000000, 0x00000000c1d80000, 0x00000000eab00000)
  object space 30208K, 23% used [0x00000000c0000000,0x00000000c06f5a40,0x00000000c1d80000)
 Metaspace       used 28068K, capacity 28836K, committed 28976K, reserved 1075200K
  class space    used 3873K, capacity 4135K, committed 4144K, reserved 1048576K
Event: 5.784 GC heap after
Heap after GC invocations=10 (full 1):
 PSYoungGen      total 71680K, used 7158K [0x00000000eab00000, 0x00000000f1d00000, 0x0000000100000000)
  eden space 64512K, 0% used [0x00000000eab00000,0x00000000eab00000,0x00000000eea00000)
  from space 7168K, 99% used [0x00000000eea00000,0x00000000ef0fd9a8,0x00000000ef100000)
  to   space 10240K, 0% used [0x00000000f1300000,0x00000000f1300000,0x00000000f1d00000)
 ParOldGen       total 30208K, used 7960K [0x00000000c0000000, 0x00000000c1d80000, 0x00000000eab00000)
  object space 30208K, 26% used [0x00000000c0000000,0x00000000c07c63c8,0x00000000c1d80000)
 Metaspace       used 28068K, capacity 28836K, committed 28976K, reserved 1075200K
  class space    used 3873K, capacity 4135K, committed 4144K, reserved 1048576K
}
Event: 6.776 GC heap before
{Heap before GC invocations=11 (full 1):
 PSYoungGen      total 71680K, used 71670K [0x00000000eab00000, 0x00000000f1d00000, 0x0000000100000000)
  eden space 64512K, 100% used [0x00000000eab00000,0x00000000eea00000,0x00000000eea00000)
  from space 7168K, 99% used [0x00000000eea00000,0x00000000ef0fd9a8,0x00000000ef100000)
  to   space 10240K, 0% used [0x00000000f1300000,0x00000000f1300000,0x00000000f1d00000)
 ParOldGen       total 30208K, used 7960K [0x00000000c0000000, 0x00000000c1d80000, 0x00000000eab00000)
  object space 30208K, 26% used [0x00000000c0000000,0x00000000c07c63c8,0x00000000c1d80000)
 Metaspace       used 33379K, capacity 34274K, committed 34480K, reserved 1079296K
  class space    used 4471K, capacity 4736K, committed 4784K, reserved 1048576K
Event: 6.802 GC heap after
Heap after GC invocations=11 (full 1):
 PSYoungGen      total 105472K, used 9059K [0x00000000eab00000, 0x00000000f1e00000, 0x0000000100000000)
  eden space 95232K, 0% used [0x00000000eab00000,0x00000000eab00000,0x00000000f0800000)
  from space 10240K, 88% used [0x00000000f1300000,0x00000000f1bd8c00,0x00000000f1d00000)
  to   space 11264K, 0% used [0x00000000f0800000,0x00000000f0800000,0x00000000f1300000)
 ParOldGen       total 30208K, used 7960K [0x00000000c0000000, 0x00000000c1d80000, 0x00000000eab00000)
  object space 30208K, 26% used [0x00000000c0000000,0x00000000c07c63c8,0x00000000c1d80000)
 Metaspace       used 33379K, capacity 34274K, committed 34480K, reserved 1079296K
  class space    used 4471K, capacity 4736K, committed 4784K, reserved 1048576K
}

