# JRE version: OpenJDK Runtime Environment (8.0_242-b01) (build 1.8.0_242-release-1644-b01)
# Java VM: OpenJDK 64-Bit Server VM (25.242-b01 mixed mode windows-amd64 compressed oops)
Heap:
 PSYoungGen      total 201728K, used 62289K [0x00000000eab00000, 0x00000000f7e00000, 0x0000000100000000)
  eden space 189440K, 32% used [0x00000000eab00000,0x00000000ee7d46e8,0x00000000f6400000)
  from space 12288K, 0% used [0x00000000f7200000,0x00000000f7200000,0x00000000f7e00000)
  to   space 13312K, 0% used [0x00000000f6400000,0x00000000f6400000,0x00000000f7100000)
 ParOldGen       total 46080K, used 15551K [0x00000000c0000000, 0x00000000c2d00000, 0x00000000eab00000)
  object space 46080K, 33% used [0x00000000c0000000,0x00000000c0f2fd98,0x00000000c2d00000)
 Metaspace       used 39194K, capacity 40490K, committed 40616K, reserved 1083392K
  class space    used 5393K, capacity 5725K, committed 5808K, reserved 1048576K
GC Heap History (10 events):
Event: 4.243 GC heap before
{Heap before GC invocations=8 (full 0):
 PSYoungGen      total 71680K, used 9987K [0x00000000eab00000, 0x00000000f3d00000, 0x0000000100000000)
  eden space 64512K, 4% used [0x00000000eab00000,0x00000000eadc1390,0x00000000eea00000)
  from space 7168K, 99% used [0x00000000eea00000,0x00000000ef0ffaf0,0x00000000ef100000)
  to   space 10240K, 0% used [0x00000000f3300000,0x00000000f3300000,0x00000000f3d00000)
 ParOldGen       total 44032K, used 8101K [0x00000000c0000000, 0x00000000c2b00000, 0x00000000eab00000)
  object space 44032K, 18% used [0x00000000c0000000,0x00000000c07e9410,0x00000000c2b00000)
 Metaspace       used 20642K, capacity 21260K, committed 21296K, reserved 1067008K
  class space    used 2892K, capacity 3116K, committed 3120K, reserved 1048576K
Event: 4.250 GC heap after
Heap after GC invocations=8 (full 0):
 PSYoungGen      total 138240K, used 3860K [0x00000000eab00000, 0x00000000f3c00000, 0x0000000100000000)
  eden space 129024K, 0% used [0x00000000eab00000,0x00000000eab00000,0x00000000f2900000)
  from space 9216K, 41% used [0x00000000f3300000,0x00000000f36c5040,0x00000000f3c00000)
  to   space 9728K, 0% used [0x00000000f2900000,0x00000000f2900000,0x00000000f3280000)
 ParOldGen       total 44032K, used 8717K [0x00000000c0000000, 0x00000000c2b00000, 0x00000000eab00000)
  object space 44032K, 19% used [0x00000000c0000000,0x00000000c0883410,0x00000000c2b00000)
 Metaspace       used 20642K, capacity 21260K, committed 21296K, reserved 1067008K
  class space    used 2892K, capacity 3116K, committed 3120K, reserved 1048576K
}
Event: 4.250 GC heap before
{Heap before GC invocations=9 (full 1):
 PSYoungGen      total 138240K, used 3860K [0x00000000eab00000, 0x00000000f3c00000, 0x0000000100000000)
  eden space 129024K, 0% used [0x00000000eab00000,0x00000000eab00000,0x00000000f2900000)
  from space 9216K, 41% used [0x00000000f3300000,0x00000000f36c5040,0x00000000f3c00000)
  to   space 9728K, 0% used [0x00000000f2900000,0x00000000f2900000,0x00000000f3280000)
 ParOldGen       total 44032K, used 8717K [0x00000000c0000000, 0x00000000c2b00000, 0x00000000eab00000)
  object space 44032K, 19% used [0x00000000c0000000,0x00000000c0883410,0x00000000c2b00000)
 Metaspace       used 20642K, capacity 21260K, committed 21296K, reserved 1067008K
  class space    used 2892K, capacity 3116K, committed 3120K, reserved 1048576K
Event: 4.308 GC heap after
Heap after GC invocations=9 (full 1):
 PSYoungGen      total 138240K, used 0K [0x00000000eab00000, 0x00000000f3c00000, 0x0000000100000000)
  eden space 129024K, 0% used [0x00000000eab00000,0x00000000eab00000,0x00000000f2900000)
  from space 9216K, 0% used [0x00000000f3300000,0x00000000f3300000,0x00000000f3c00000)
  to   space 9728K, 0% used [0x00000000f2900000,0x00000000f2900000,0x00000000f3280000)
 ParOldGen       total 30208K, used 6938K [0x00000000c0000000, 0x00000000c1d80000, 0x00000000eab00000)
  object space 30208K, 22% used [0x00000000c0000000,0x00000000c06c6a48,0x00000000c1d80000)
 Metaspace       used 20642K, capacity 21260K, committed 21296K, reserved 1067008K
  class space    used 2892K, capacity 3116K, committed 3120K, reserved 1048576K
}
Event: 6.131 GC heap before
{Heap before GC invocations=10 (full 1):
 PSYoungGen      total 138240K, used 129024K [0x00000000eab00000, 0x00000000f3c00000, 0x0000000100000000)
  eden space 129024K, 100% used [0x00000000eab00000,0x00000000f2900000,0x00000000f2900000)
  from space 9216K, 0% used [0x00000000f3300000,0x00000000f3300000,0x00000000f3c00000)
  to   space 9728K, 0% used [0x00000000f2900000,0x00000000f2900000,0x00000000f3280000)
 ParOldGen       total 30208K, used 6938K [0x00000000c0000000, 0x00000000c1d80000, 0x00000000eab00000)
  object space 30208K, 22% used [0x00000000c0000000,0x00000000c06c6a48,0x00000000c1d80000)
 Metaspace       used 32241K, capacity 32984K, committed 33072K, reserved 1077248K
  class space    used 4406K, capacity 4609K, committed 4656K, reserved 1048576K
Event: 6.163 GC heap after
Heap after GC invocations=10 (full 1):
 PSYoungGen      total 138752K, used 9715K [0x00000000eab00000, 0x00000000f7e00000, 0x0000000100000000)
  eden space 129024K, 0% used [0x00000000eab00000,0x00000000eab00000,0x00000000f2900000)
  from space 9728K, 99% used [0x00000000f2900000,0x00000000f327cc30,0x00000000f3280000)
  to   space 12288K, 0% used [0x00000000f7200000,0x00000000f7200000,0x00000000f7e00000)
 ParOldGen       total 30208K, used 10457K [0x00000000c0000000, 0x00000000c1d80000, 0x00000000eab00000)
  object space 30208K, 34% used [0x00000000c0000000,0x00000000c0a36518,0x00000000c1d80000)
 Metaspace       used 32241K, capacity 32984K, committed 33072K, reserved 1077248K
  class space    used 4406K, capacity 4609K, committed 4656K, reserved 1048576K
}
Event: 6.815 GC heap before
{Heap before GC invocations=11 (full 1):
 PSYoungGen      total 138752K, used 60453K [0x00000000eab00000, 0x00000000f7e00000, 0x0000000100000000)
  eden space 129024K, 39% used [0x00000000eab00000,0x00000000edc8c7d0,0x00000000f2900000)
  from space 9728K, 99% used [0x00000000f2900000,0x00000000f327cc30,0x00000000f3280000)
  to   space 12288K, 0% used [0x00000000f7200000,0x00000000f7200000,0x00000000f7e00000)
 ParOldGen       total 30208K, used 10457K [0x00000000c0000000, 0x00000000c1d80000, 0x00000000eab00000)
  object space 30208K, 34% used [0x00000000c0000000,0x00000000c0a36518,0x00000000c1d80000)
 Metaspace       used 34588K, capacity 35414K, committed 35496K, reserved 1079296K
  class space    used 4748K, capacity 4972K, committed 5040K, reserved 1048576K
Event: 6.829 GC heap after
Heap after GC invocations=11 (full 1):
 PSYoungGen      total 201728K, used 9020K [0x00000000eab00000, 0x00000000f7e00000, 0x0000000100000000)
  eden space 189440K, 0% used [0x00000000eab00000,0x00000000eab00000,0x00000000f6400000)
  from space 12288K, 73% used [0x00000000f7200000,0x00000000f7acf018,0x00000000f7e00000)
  to   space 13312K, 0% used [0x00000000f6400000,0x00000000f6400000,0x00000000f7100000)
 ParOldGen       total 30208K, used 10465K [0x00000000c0000000, 0x00000000c1d80000, 0x00000000eab00000)
  object space 30208K, 34% used [0x00000000c0000000,0x00000000c0a38518,0x00000000c1d80000)
 Metaspace       used 34588K, capacity 35414K, committed 35496K, reserved 1079296K
  class space    used 4748K, capacity 4972K, committed 5040K, reserved 1048576K
}
Event: 6.829 GC heap before
{Heap before GC invocations=12 (full 2):
 PSYoungGen      total 201728K, used 9020K [0x00000000eab00000, 0x00000000f7e00000, 0x0000000100000000)
  eden space 189440K, 0% used [0x00000000eab00000,0x00000000eab00000,0x00000000f6400000)
  from space 12288K, 73% used [0x00000000f7200000,0x00000000f7acf018,0x00000000f7e00000)
  to   space 13312K, 0% used [0x00000000f6400000,0x00000000f6400000,0x00000000f7100000)
 ParOldGen       total 30208K, used 10465K [0x00000000c0000000, 0x00000000c1d80000, 0x00000000eab00000)
  object space 30208K, 34% used [0x00000000c0000000,0x00000000c0a38518,0x00000000c1d80000)
 Metaspace       used 34588K, capacity 35414K, committed 35496K, reserved 1079296K
  class space    used 4748K, capacity 4972K, committed 5040K, reserved 1048576K
Event: 6.903 GC heap after
Heap after GC invocations=12 (full 2):
 PSYoungGen      total 201728K, used 0K [0x00000000eab00000, 0x00000000f7e00000, 0x0000000100000000)
  eden space 189440K, 0% used [0x00000000eab00000,0x00000000eab00000,0x00000000f6400000)
  from space 12288K, 0% used [0x00000000f7200000,0x00000000f7200000,0x00000000f7e00000)
  to   space 13312K, 0% used [0x00000000f6400000,0x00000000f6400000,0x00000000f7100000)
 ParOldGen       total 46080K, used 15551K [0x00000000c0000000, 0x00000000c2d00000, 0x00000000eab00000)
  object space 46080K, 33% used [0x00000000c0000000,0x00000000c0f2fd98,0x00000000c2d00000)
 Metaspace       used 34588K, capacity 35414K, committed 35496K, reserved 1079296K
  class space    used 4748K, capacity 4972K, committed 5040K, reserved 1048576K
}

