# JRE version: OpenJDK Runtime Environment (8.0_242-b01) (build 1.8.0_242-release-1644-b01)
# Java VM: OpenJDK 64-Bit Server VM (25.242-b01 mixed mode windows-amd64 compressed oops)
Heap:
 PSYoungGen      total 312320K, used 35795K [0x00000000eab00000, 0x00000000ffe00000, 0x0000000100000000)
  eden space 279552K, 6% used [0x00000000eab00000,0x00000000ebd7c2f0,0x00000000fbc00000)
  from space 32768K, 51% used [0x00000000fde00000,0x00000000fee78a70,0x00000000ffe00000)
  to   space 33792K, 0% used [0x00000000fbc00000,0x00000000fbc00000,0x00000000fdd00000)
 ParOldGen       total 91136K, used 67400K [0x00000000c0000000, 0x00000000c5900000, 0x00000000eab00000)
  object space 91136K, 73% used [0x00000000c0000000,0x00000000c41d2240,0x00000000c5900000)
 Metaspace       used 101733K, capacity 106770K, committed 106920K, reserved 1142784K
  class space    used 13435K, capacity 14399K, committed 14504K, reserved 1048576K
GC Heap History (10 events):
Event: 35.632 GC heap before
{Heap before GC invocations=14 (full 3):
 PSYoungGen      total 268800K, used 251904K [0x00000000eab00000, 0x00000000fcd80000, 0x0000000100000000)
  eden space 251904K, 100% used [0x00000000eab00000,0x00000000fa100000,0x00000000fa100000)
  from space 16896K, 0% used [0x00000000fb680000,0x00000000fb680000,0x00000000fc700000)
  to   space 22016K, 0% used [0x00000000fa100000,0x00000000fa100000,0x00000000fb680000)
 ParOldGen       total 91136K, used 34873K [0x00000000c0000000, 0x00000000c5900000, 0x00000000eab00000)
  object space 91136K, 38% used [0x00000000c0000000,0x00000000c220e6c0,0x00000000c5900000)
 Metaspace       used 70782K, capacity 73570K, committed 73776K, reserved 1112064K
  class space    used 9654K, capacity 10218K, committed 10288K, reserved 1048576K
Event: 35.690 GC heap after
Heap after GC invocations=14 (full 3):
 PSYoungGen      total 273920K, used 21827K [0x00000000eab00000, 0x0000000100000000, 0x0000000100000000)
  eden space 251904K, 0% used [0x00000000eab00000,0x00000000eab00000,0x00000000fa100000)
  from space 22016K, 99% used [0x00000000fa100000,0x00000000fb650d28,0x00000000fb680000)
  to   space 25088K, 0% used [0x00000000fe780000,0x00000000fe780000,0x0000000100000000)
 ParOldGen       total 91136K, used 34881K [0x00000000c0000000, 0x00000000c5900000, 0x00000000eab00000)
  object space 91136K, 38% used [0x00000000c0000000,0x00000000c22106c0,0x00000000c5900000)
 Metaspace       used 70782K, capacity 73570K, committed 73776K, reserved 1112064K
  class space    used 9654K, capacity 10218K, committed 10288K, reserved 1048576K
}
Event: 493.984 GC heap before
{Heap before GC invocations=15 (full 3):
 PSYoungGen      total 273920K, used 273731K [0x00000000eab00000, 0x0000000100000000, 0x0000000100000000)
  eden space 251904K, 100% used [0x00000000eab00000,0x00000000fa100000,0x00000000fa100000)
  from space 22016K, 99% used [0x00000000fa100000,0x00000000fb650d28,0x00000000fb680000)
  to   space 25088K, 0% used [0x00000000fe780000,0x00000000fe780000,0x0000000100000000)
 ParOldGen       total 91136K, used 34881K [0x00000000c0000000, 0x00000000c5900000, 0x00000000eab00000)
  object space 91136K, 38% used [0x00000000c0000000,0x00000000c22106c0,0x00000000c5900000)
 Metaspace       used 81742K, capacity 85204K, committed 85296K, reserved 1122304K
  class space    used 10804K, capacity 11524K, committed 11568K, reserved 1048576K
Event: 494.069 GC heap after
Heap after GC invocations=15 (full 3):
 PSYoungGen      total 304640K, used 25075K [0x00000000eab00000, 0x0000000100000000, 0x0000000100000000)
  eden space 279552K, 0% used [0x00000000eab00000,0x00000000eab00000,0x00000000fbc00000)
  from space 25088K, 99% used [0x00000000fe780000,0x00000000ffffce58,0x0000000100000000)
  to   space 34816K, 0% used [0x00000000fbc00000,0x00000000fbc00000,0x00000000fde00000)
 ParOldGen       total 91136K, used 49495K [0x00000000c0000000, 0x00000000c5900000, 0x00000000eab00000)
  object space 91136K, 54% used [0x00000000c0000000,0x00000000c3055e28,0x00000000c5900000)
 Metaspace       used 81742K, capacity 85204K, committed 85296K, reserved 1122304K
  class space    used 10804K, capacity 11524K, committed 11568K, reserved 1048576K
}
Event: 502.230 GC heap before
{Heap before GC invocations=16 (full 3):
 PSYoungGen      total 304640K, used 233329K [0x00000000eab00000, 0x0000000100000000, 0x0000000100000000)
  eden space 279552K, 74% used [0x00000000eab00000,0x00000000f765f950,0x00000000fbc00000)
  from space 25088K, 99% used [0x00000000fe780000,0x00000000ffffce58,0x0000000100000000)
  to   space 34816K, 0% used [0x00000000fbc00000,0x00000000fbc00000,0x00000000fde00000)
 ParOldGen       total 91136K, used 49495K [0x00000000c0000000, 0x00000000c5900000, 0x00000000eab00000)
  object space 91136K, 54% used [0x00000000c0000000,0x00000000c3055e28,0x00000000c5900000)
 Metaspace       used 94351K, capacity 98490K, committed 98600K, reserved 1134592K
  class space    used 12413K, capacity 13287K, committed 13352K, reserved 1048576K
Event: 502.311 GC heap after
Heap after GC invocations=16 (full 3):
 PSYoungGen      total 314368K, used 19315K [0x00000000eab00000, 0x0000000100000000, 0x0000000100000000)
  eden space 279552K, 0% used [0x00000000eab00000,0x00000000eab00000,0x00000000fbc00000)
  from space 34816K, 55% used [0x00000000fbc00000,0x00000000fcedcc98,0x00000000fde00000)
  to   space 34816K, 0% used [0x00000000fde00000,0x00000000fde00000,0x0000000100000000)
 ParOldGen       total 91136K, used 73987K [0x00000000c0000000, 0x00000000c5900000, 0x00000000eab00000)
  object space 91136K, 81% used [0x00000000c0000000,0x00000000c4840f48,0x00000000c5900000)
 Metaspace       used 94351K, capacity 98490K, committed 98600K, reserved 1134592K
  class space    used 12413K, capacity 13287K, committed 13352K, reserved 1048576K
}
Event: 502.311 GC heap before
{Heap before GC invocations=17 (full 4):
 PSYoungGen      total 314368K, used 19315K [0x00000000eab00000, 0x0000000100000000, 0x0000000100000000)
  eden space 279552K, 0% used [0x00000000eab00000,0x00000000eab00000,0x00000000fbc00000)
  from space 34816K, 55% used [0x00000000fbc00000,0x00000000fcedcc98,0x00000000fde00000)
  to   space 34816K, 0% used [0x00000000fde00000,0x00000000fde00000,0x0000000100000000)
 ParOldGen       total 91136K, used 73987K [0x00000000c0000000, 0x00000000c5900000, 0x00000000eab00000)
  object space 91136K, 81% used [0x00000000c0000000,0x00000000c4840f48,0x00000000c5900000)
 Metaspace       used 94351K, capacity 98490K, committed 98600K, reserved 1134592K
  class space    used 12413K, capacity 13287K, committed 13352K, reserved 1048576K
Event: 502.696 GC heap after
Heap after GC invocations=17 (full 4):
 PSYoungGen      total 314368K, used 0K [0x00000000eab00000, 0x0000000100000000, 0x0000000100000000)
  eden space 279552K, 0% used [0x00000000eab00000,0x00000000eab00000,0x00000000fbc00000)
  from space 34816K, 0% used [0x00000000fbc00000,0x00000000fbc00000,0x00000000fde00000)
  to   space 34816K, 0% used [0x00000000fde00000,0x00000000fde00000,0x0000000100000000)
 ParOldGen       total 91136K, used 67133K [0x00000000c0000000, 0x00000000c5900000, 0x00000000eab00000)
  object space 91136K, 73% used [0x00000000c0000000,0x00000000c418f650,0x00000000c5900000)
 Metaspace       used 94230K, capacity 98140K, committed 98600K, reserved 1134592K
  class space    used 12371K, capacity 13214K, committed 13352K, reserved 1048576K
}
Event: 513.023 GC heap before
{Heap before GC invocations=18 (full 4):
 PSYoungGen      total 314368K, used 279531K [0x00000000eab00000, 0x0000000100000000, 0x0000000100000000)
  eden space 279552K, 99% used [0x00000000eab00000,0x00000000fbbfafa0,0x00000000fbc00000)
  from space 34816K, 0% used [0x00000000fbc00000,0x00000000fbc00000,0x00000000fde00000)
  to   space 34816K, 0% used [0x00000000fde00000,0x00000000fde00000,0x0000000100000000)
 ParOldGen       total 91136K, used 67392K [0x00000000c0000000, 0x00000000c5900000, 0x00000000eab00000)
  object space 91136K, 73% used [0x00000000c0000000,0x00000000c41d0240,0x00000000c5900000)
 Metaspace       used 101019K, capacity 105998K, committed 106280K, reserved 1140736K
  class space    used 13316K, capacity 14261K, committed 14376K, reserved 1048576K
Event: 513.050 GC heap after
Heap after GC invocations=18 (full 4):
 PSYoungGen      total 312320K, used 16866K [0x00000000eab00000, 0x00000000ffe00000, 0x0000000100000000)
  eden space 279552K, 0% used [0x00000000eab00000,0x00000000eab00000,0x00000000fbc00000)
  from space 32768K, 51% used [0x00000000fde00000,0x00000000fee78a70,0x00000000ffe00000)
  to   space 33792K, 0% used [0x00000000fbc00000,0x00000000fbc00000,0x00000000fdd00000)
 ParOldGen       total 91136K, used 67400K [0x00000000c0000000, 0x00000000c5900000, 0x00000000eab00000)
  object space 91136K, 73% used [0x00000000c0000000,0x00000000c41d2240,0x00000000c5900000)
 Metaspace       used 101019K, capacity 105998K, committed 106280K, reserved 1140736K
  class space    used 13316K, capacity 14261K, committed 14376K, reserved 1048576K
}

