# JRE version: OpenJDK Runtime Environment (8.0_242-b01) (build 1.8.0_242-release-1644-b01)
# Java VM: OpenJDK 64-Bit Server VM (25.242-b01 mixed mode windows-amd64 compressed oops)
Heap:
 PSYoungGen      total 190976K, used 145704K [0x00000000eab00000, 0x00000000f7700000, 0x0000000100000000)
  eden space 173056K, 84% used [0x00000000eab00000,0x00000000f394a128,0x00000000f5400000)
  from space 17920K, 0% used [0x00000000f5400000,0x00000000f5400000,0x00000000f6580000)
  to   space 15872K, 0% used [0x00000000f6600000,0x00000000f6600000,0x00000000f7580000)
 ParOldGen       total 67584K, used 27964K [0x00000000c0000000, 0x00000000c4200000, 0x00000000eab00000)
  object space 67584K, 41% used [0x00000000c0000000,0x00000000c1b4f338,0x00000000c4200000)
 Metaspace       used 62909K, capacity 65854K, committed 66088K, reserved 1105920K
  class space    used 8639K, capacity 9238K, committed 9264K, reserved 1048576K
GC Heap History (10 events):
Event: 11.234 GC heap before
{Heap before GC invocations=12 (full 2):
 PSYoungGen      total 134656K, used 8697K [0x00000000eab00000, 0x00000000f7e80000, 0x0000000100000000)
  eden space 125952K, 0% used [0x00000000eab00000,0x00000000eab00000,0x00000000f2600000)
  from space 8704K, 99% used [0x00000000f3280000,0x00000000f3afe4e8,0x00000000f3b00000)
  to   space 12800K, 0% used [0x00000000f2600000,0x00000000f2600000,0x00000000f3280000)
 ParOldGen       total 29696K, used 11269K [0x00000000c0000000, 0x00000000c1d00000, 0x00000000eab00000)
  object space 29696K, 37% used [0x00000000c0000000,0x00000000c0b01710,0x00000000c1d00000)
 Metaspace       used 34593K, capacity 35414K, committed 35496K, reserved 1079296K
  class space    used 4743K, capacity 4972K, committed 5040K, reserved 1048576K
Event: 11.309 GC heap after
Heap after GC invocations=12 (full 2):
 PSYoungGen      total 134656K, used 0K [0x00000000eab00000, 0x00000000f7e80000, 0x0000000100000000)
  eden space 125952K, 0% used [0x00000000eab00000,0x00000000eab00000,0x00000000f2600000)
  from space 8704K, 0% used [0x00000000f3280000,0x00000000f3280000,0x00000000f3b00000)
  to   space 12800K, 0% used [0x00000000f2600000,0x00000000f2600000,0x00000000f3280000)
 ParOldGen       total 45056K, used 15406K [0x00000000c0000000, 0x00000000c2c00000, 0x00000000eab00000)
  object space 45056K, 34% used [0x00000000c0000000,0x00000000c0f0b9b0,0x00000000c2c00000)
 Metaspace       used 34593K, capacity 35414K, committed 35496K, reserved 1079296K
  class space    used 4743K, capacity 4972K, committed 5040K, reserved 1048576K
}
Event: 14.798 GC heap before
{Heap before GC invocations=13 (full 2):
 PSYoungGen      total 134656K, used 125952K [0x00000000eab00000, 0x00000000f7e80000, 0x0000000100000000)
  eden space 125952K, 100% used [0x00000000eab00000,0x00000000f2600000,0x00000000f2600000)
  from space 8704K, 0% used [0x00000000f3280000,0x00000000f3280000,0x00000000f3b00000)
  to   space 12800K, 0% used [0x00000000f2600000,0x00000000f2600000,0x00000000f3280000)
 ParOldGen       total 45056K, used 15406K [0x00000000c0000000, 0x00000000c2c00000, 0x00000000eab00000)
  object space 45056K, 34% used [0x00000000c0000000,0x00000000c0f0b9b0,0x00000000c2c00000)
 Metaspace       used 45264K, capacity 46732K, committed 47016K, reserved 1089536K
  class space    used 6140K, capacity 6530K, committed 6576K, reserved 1048576K
Event: 14.823 GC heap after
Heap after GC invocations=13 (full 2):
 PSYoungGen      total 138752K, used 12773K [0x00000000eab00000, 0x00000000f7580000, 0x0000000100000000)
  eden space 125952K, 0% used [0x00000000eab00000,0x00000000eab00000,0x00000000f2600000)
  from space 12800K, 99% used [0x00000000f2600000,0x00000000f32795c0,0x00000000f3280000)
  to   space 15872K, 0% used [0x00000000f6600000,0x00000000f6600000,0x00000000f7580000)
 ParOldGen       total 45056K, used 17741K [0x00000000c0000000, 0x00000000c2c00000, 0x00000000eab00000)
  object space 45056K, 39% used [0x00000000c0000000,0x00000000c11537f0,0x00000000c2c00000)
 Metaspace       used 45264K, capacity 46732K, committed 47016K, reserved 1089536K
  class space    used 6140K, capacity 6530K, committed 6576K, reserved 1048576K
}
Event: 18.502 GC heap before
{Heap before GC invocations=14 (full 2):
 PSYoungGen      total 138752K, used 138725K [0x00000000eab00000, 0x00000000f7580000, 0x0000000100000000)
  eden space 125952K, 100% used [0x00000000eab00000,0x00000000f2600000,0x00000000f2600000)
  from space 12800K, 99% used [0x00000000f2600000,0x00000000f32795c0,0x00000000f3280000)
  to   space 15872K, 0% used [0x00000000f6600000,0x00000000f6600000,0x00000000f7580000)
 ParOldGen       total 45056K, used 17741K [0x00000000c0000000, 0x00000000c2c00000, 0x00000000eab00000)
  object space 45056K, 39% used [0x00000000c0000000,0x00000000c11537f0,0x00000000c2c00000)
 Metaspace       used 56227K, capacity 58154K, committed 58408K, reserved 1099776K
  class space    used 7721K, capacity 8180K, committed 8240K, reserved 1048576K
Event: 18.540 GC heap after
Heap after GC invocations=14 (full 2):
 PSYoungGen      total 188928K, used 14818K [0x00000000eab00000, 0x00000000f7700000, 0x0000000100000000)
  eden space 173056K, 0% used [0x00000000eab00000,0x00000000eab00000,0x00000000f5400000)
  from space 15872K, 93% used [0x00000000f6600000,0x00000000f7478a98,0x00000000f7580000)
  to   space 17920K, 0% used [0x00000000f5400000,0x00000000f5400000,0x00000000f6580000)
 ParOldGen       total 45056K, used 25593K [0x00000000c0000000, 0x00000000c2c00000, 0x00000000eab00000)
  object space 45056K, 56% used [0x00000000c0000000,0x00000000c18fe658,0x00000000c2c00000)
 Metaspace       used 56227K, capacity 58154K, committed 58408K, reserved 1099776K
  class space    used 7721K, capacity 8180K, committed 8240K, reserved 1048576K
}
Event: 18.883 GC heap before
{Heap before GC invocations=15 (full 2):
 PSYoungGen      total 188928K, used 27579K [0x00000000eab00000, 0x00000000f7700000, 0x0000000100000000)
  eden space 173056K, 7% used [0x00000000eab00000,0x00000000eb7762c8,0x00000000f5400000)
  from space 15872K, 93% used [0x00000000f6600000,0x00000000f7478a98,0x00000000f7580000)
  to   space 17920K, 0% used [0x00000000f5400000,0x00000000f5400000,0x00000000f6580000)
 ParOldGen       total 45056K, used 25593K [0x00000000c0000000, 0x00000000c2c00000, 0x00000000eab00000)
  object space 45056K, 56% used [0x00000000c0000000,0x00000000c18fe658,0x00000000c2c00000)
 Metaspace       used 57076K, capacity 59106K, committed 59160K, reserved 1099776K
  class space    used 7832K, capacity 8318K, committed 8368K, reserved 1048576K
Event: 18.915 GC heap after
Heap after GC invocations=15 (full 2):
 PSYoungGen      total 190976K, used 1248K [0x00000000eab00000, 0x00000000f7700000, 0x0000000100000000)
  eden space 173056K, 0% used [0x00000000eab00000,0x00000000eab00000,0x00000000f5400000)
  from space 17920K, 6% used [0x00000000f5400000,0x00000000f55382b8,0x00000000f6580000)
  to   space 15872K, 0% used [0x00000000f6600000,0x00000000f6600000,0x00000000f7580000)
 ParOldGen       total 45056K, used 32289K [0x00000000c0000000, 0x00000000c2c00000, 0x00000000eab00000)
  object space 45056K, 71% used [0x00000000c0000000,0x00000000c1f884a0,0x00000000c2c00000)
 Metaspace       used 57076K, capacity 59106K, committed 59160K, reserved 1099776K
  class space    used 7832K, capacity 8318K, committed 8368K, reserved 1048576K
}
Event: 18.916 GC heap before
{Heap before GC invocations=16 (full 3):
 PSYoungGen      total 190976K, used 1248K [0x00000000eab00000, 0x00000000f7700000, 0x0000000100000000)
  eden space 173056K, 0% used [0x00000000eab00000,0x00000000eab00000,0x00000000f5400000)
  from space 17920K, 6% used [0x00000000f5400000,0x00000000f55382b8,0x00000000f6580000)
  to   space 15872K, 0% used [0x00000000f6600000,0x00000000f6600000,0x00000000f7580000)
 ParOldGen       total 45056K, used 32289K [0x00000000c0000000, 0x00000000c2c00000, 0x00000000eab00000)
  object space 45056K, 71% used [0x00000000c0000000,0x00000000c1f884a0,0x00000000c2c00000)
 Metaspace       used 57076K, capacity 59106K, committed 59160K, reserved 1099776K
  class space    used 7832K, capacity 8318K, committed 8368K, reserved 1048576K
Event: 19.365 GC heap after
Heap after GC invocations=16 (full 3):
 PSYoungGen      total 190976K, used 0K [0x00000000eab00000, 0x00000000f7700000, 0x0000000100000000)
  eden space 173056K, 0% used [0x00000000eab00000,0x00000000eab00000,0x00000000f5400000)
  from space 17920K, 0% used [0x00000000f5400000,0x00000000f5400000,0x00000000f6580000)
  to   space 15872K, 0% used [0x00000000f6600000,0x00000000f6600000,0x00000000f7580000)
 ParOldGen       total 67584K, used 27964K [0x00000000c0000000, 0x00000000c4200000, 0x00000000eab00000)
  object space 67584K, 41% used [0x00000000c0000000,0x00000000c1b4f338,0x00000000c4200000)
 Metaspace       used 57062K, capacity 59058K, committed 59160K, reserved 1099776K
  class space    used 7827K, capacity 8310K, committed 8368K, reserved 1048576K
}

